2025-03-11 10:03:16,598 - DEBUG - {"topologyId": {"$oid": "67cffc5494432b875d91ec42"}, "message": "Starting topology monitoring"}
2025-03-11 10:03:16,599 - DEBUG - {"topologyId": {"$oid": "67cffc5494432b875d91ec42"}, "previousDescription": "<TopologyDescription id: 67cffc5494432b875d91ec42, topology_type: Unknown, servers: []>", "newDescription": "<TopologyDescription id: 67cffc5494432b875d91ec42, topology_type: Unknown, servers: [<ServerDescription ('localhost', 27017) server_type: Unknown, rtt: None>]>", "message": "Topology description changed"}
2025-03-11 10:03:16,599 - DEBUG - {"topologyId": {"$oid": "67cffc5494432b875d91ec42"}, "serverHost": "localhost", "serverPort": 27017, "message": "Starting server monitoring"}
2025-03-11 10:03:23,746 - DEBUG - Timestamp for 24 hours ago: 2025-03-10 09:03:23.746030+00:00
2025-03-11 10:03:23,746 - DEBUG - Formatted timestamp for query: 2025-03-10T09:03:23.000Z
2025-03-11 10:03:23,746 - DEBUG - MongoDB query: {'metadata.publishedOn': {'$gte': '2025-03-10T09:03:23.000Z'}}
2025-03-11 10:03:23,747 - DEBUG - {"clientId": {"$oid": "67cffc5494432b875d91ec42"}, "message": "Connection pool created", "serverHost": "localhost", "serverPort": 27017}
2025-03-11 10:03:23,749 - DEBUG - {"message": "Server selection started", "selector": "Primary()", "operation": "find", "topologyDescription": "<TopologyDescription id: 67cffc5494432b875d91ec42, topology_type: Unknown, servers: [<ServerDescription ('localhost', 27017) server_type: Unknown, rtt: None>]>", "clientId": {"$oid": "67cffc5494432b875d91ec42"}}
2025-03-11 10:03:23,749 - DEBUG - {"message": "Waiting for suitable server to become available", "selector": "Primary()", "operation": "find", "topologyDescription": "<TopologyDescription id: 67cffc5494432b875d91ec42, topology_type: Unknown, servers: [<ServerDescription ('localhost', 27017) server_type: Unknown, rtt: None>]>", "clientId": {"$oid": "67cffc5494432b875d91ec42"}, "remainingTimeMS": 30}
2025-03-11 10:03:23,751 - DEBUG - {"topologyId": {"$oid": "67cffc5494432b875d91ec42"}, "driverConnectionId": 1, "serverHost": "localhost", "serverPort": 27017, "awaited": false, "message": "Server heartbeat started"}
2025-03-11 10:03:23,752 - DEBUG - {"topologyId": {"$oid": "67cffc5494432b875d91ec42"}, "driverConnectionId": 1, "serverConnectionId": 203, "serverHost": "localhost", "serverPort": 27017, "awaited": false, "durationMS": 0.0, "reply": "{\"helloOk\": true, \"ismaster\": true, \"topologyVersion\": {\"processId\": {\"$oid\": \"67c8e7d3b60fa9fa23bd9bcf\"}}, \"maxBsonObjectSize\": 16777216, \"maxMessageSizeBytes\": 48000000, \"maxWriteBatchSize\": 100000, \"localTime\": {\"$date\": \"2025-03-11T09:03:23.752Z\"}, \"logicalSessionTimeoutMinutes\": 30, \"connectionId\": 203, \"maxWireVersion\": 21, \"ok\": 1.0}", "message": "Server heartbeat succeeded"}
2025-03-11 10:03:23,752 - DEBUG - {"clientId": {"$oid": "67cffc5494432b875d91ec42"}, "message": "Connection pool ready", "serverHost": "localhost", "serverPort": 27017}
2025-03-11 10:03:23,753 - DEBUG - {"topologyId": {"$oid": "67cffc5494432b875d91ec42"}, "previousDescription": "<TopologyDescription id: 67cffc5494432b875d91ec42, topology_type: Unknown, servers: [<ServerDescription ('localhost', 27017) server_type: Unknown, rtt: None>]>", "newDescription": "<TopologyDescription id: 67cffc5494432b875d91ec42, topology_type: Single, servers: [<ServerDescription ('localhost', 27017) server_type: Standalone, rtt: 0.0>]>", "message": "Topology description changed"}
2025-03-11 10:03:23,753 - DEBUG - {"message": "Server selection succeeded", "selector": "Primary()", "operation": "find", "topologyDescription": "<TopologyDescription id: 67cffc5494432b875d91ec42, topology_type: Single, servers: [<ServerDescription ('localhost', 27017) server_type: Standalone, rtt: 0.0>]>", "clientId": {"$oid": "67cffc5494432b875d91ec42"}, "serverHost": "localhost", "serverPort": 27017}
2025-03-11 10:03:23,753 - DEBUG - {"clientId": {"$oid": "67cffc5494432b875d91ec42"}, "message": "Connection checkout started", "serverHost": "localhost", "serverPort": 27017}
2025-03-11 10:03:23,753 - DEBUG - {"clientId": {"$oid": "67cffc5494432b875d91ec42"}, "message": "Connection created", "serverHost": "localhost", "serverPort": 27017, "driverConnectionId": 1}
2025-03-11 10:03:23,753 - DEBUG - {"topologyId": {"$oid": "67cffc5494432b875d91ec42"}, "driverConnectionId": 1, "serverConnectionId": 203, "serverHost": "localhost", "serverPort": 27017, "awaited": true, "message": "Server heartbeat started"}
2025-03-11 10:03:23,754 - DEBUG - {"clientId": {"$oid": "67cffc5494432b875d91ec42"}, "message": "Connection ready", "serverHost": "localhost", "serverPort": 27017, "driverConnectionId": 1, "durationMS": 0.0}
2025-03-11 10:03:23,755 - DEBUG - {"clientId": {"$oid": "67cffc5494432b875d91ec42"}, "message": "Connection checked out", "serverHost": "localhost", "serverPort": 27017, "driverConnectionId": 1, "durationMS": 0.014999999955762178}
2025-03-11 10:03:23,755 - DEBUG - {"clientId": {"$oid": "67cffc5494432b875d91ec42"}, "message": "Command started", "command": "{\"find\": \"immo_neuf\", \"filter\": {\"metadata.publishedOn\": {\"$gte\": \"2025-03-10T09:03:23.000Z\"}}, \"lsid\": {\"id\": {\"$binary\": {\"base64\": \"ghVnQXbxTjqftH7/JTCgLQ==\", \"subType\": \"04\"}}}, \"$db\": \"tayara\"}", "commandName": "find", "databaseName": "tayara", "requestId": 18467, "operationId": 18467, "driverConnectionId": 1, "serverConnectionId": 204, "serverHost": "localhost", "serverPort": 27017}
2025-03-11 10:03:23,764 - DEBUG - {"clientId": {"$oid": "67cffc5494432b875d91ec42"}, "message": "Command succeeded", "durationMS": 8.994, "reply": "{\"cursor\": {\"ns\": \"tayara.immo_neuf\"}, \"ok\": 1.0}", "commandName": "find", "databaseName": "tayara", "requestId": 18467, "operationId": 18467, "driverConnectionId": 1, "serverConnectionId": 204, "serverHost": "localhost", "serverPort": 27017}
2025-03-11 10:03:23,764 - DEBUG - {"clientId": {"$oid": "67cffc5494432b875d91ec42"}, "message": "Connection checked in", "serverHost": "localhost", "serverPort": 27017, "driverConnectionId": 1}
2025-03-11 10:03:23,764 - DEBUG - Found 0 new listings
2025-03-11 10:03:23,764 - INFO - No new listings found within the last 24 hours.
2025-03-11 10:03:24,464 - DEBUG - Timestamp for 24 hours ago: 2025-03-10 09:03:24.464123+00:00
2025-03-11 10:03:24,464 - DEBUG - Formatted timestamp for query: 2025-03-10T09:03:24.000Z
2025-03-11 10:03:24,464 - DEBUG - MongoDB query: {'metadata.publishedOn': {'$gte': '2025-03-10T09:03:24.000Z'}}
2025-03-11 10:03:24,465 - DEBUG - {"message": "Server selection started", "selector": "Primary()", "operation": "find", "topologyDescription": "<TopologyDescription id: 67cffc5494432b875d91ec42, topology_type: Single, servers: [<ServerDescription ('localhost', 27017) server_type: Standalone, rtt: 0.0>]>", "clientId": {"$oid": "67cffc5494432b875d91ec42"}}
2025-03-11 10:03:24,465 - DEBUG - {"message": "Server selection succeeded", "selector": "Primary()", "operation": "find", "topologyDescription": "<TopologyDescription id: 67cffc5494432b875d91ec42, topology_type: Single, servers: [<ServerDescription ('localhost', 27017) server_type: Standalone, rtt: 0.0>]>", "clientId": {"$oid": "67cffc5494432b875d91ec42"}, "serverHost": "localhost", "serverPort": 27017}
2025-03-11 10:03:24,465 - DEBUG - {"clientId": {"$oid": "67cffc5494432b875d91ec42"}, "message": "Connection checkout started", "serverHost": "localhost", "serverPort": 27017}
2025-03-11 10:03:24,465 - DEBUG - {"clientId": {"$oid": "67cffc5494432b875d91ec42"}, "message": "Connection checked out", "serverHost": "localhost", "serverPort": 27017, "driverConnectionId": 1, "durationMS": 0.0}
2025-03-11 10:03:24,465 - DEBUG - {"clientId": {"$oid": "67cffc5494432b875d91ec42"}, "message": "Command started", "command": "{\"find\": \"immo_neuf\", \"filter\": {\"metadata.publishedOn\": {\"$gte\": \"2025-03-10T09:03:24.000Z\"}}, \"lsid\": {\"id\": {\"$binary\": {\"base64\": \"ghVnQXbxTjqftH7/JTCgLQ==\", \"subType\": \"04\"}}}, \"$db\": \"tayara\"}", "commandName": "find", "databaseName": "tayara", "requestId": 6334, "operationId": 6334, "driverConnectionId": 1, "serverConnectionId": 204, "serverHost": "localhost", "serverPort": 27017}
2025-03-11 10:03:24,475 - DEBUG - {"clientId": {"$oid": "67cffc5494432b875d91ec42"}, "message": "Command succeeded", "durationMS": 10.046, "reply": "{\"cursor\": {\"ns\": \"tayara.immo_neuf\"}, \"ok\": 1.0}", "commandName": "find", "databaseName": "tayara", "requestId": 6334, "operationId": 6334, "driverConnectionId": 1, "serverConnectionId": 204, "serverHost": "localhost", "serverPort": 27017}
2025-03-11 10:03:24,475 - DEBUG - {"clientId": {"$oid": "67cffc5494432b875d91ec42"}, "message": "Connection checked in", "serverHost": "localhost", "serverPort": 27017, "driverConnectionId": 1}
2025-03-11 10:03:24,476 - DEBUG - Found 0 new listings
2025-03-11 10:03:24,476 - INFO - No new listings found within the last 24 hours.
2025-03-11 10:03:33,754 - DEBUG - {"topologyId": {"$oid": "67cffc5494432b875d91ec42"}, "driverConnectionId": 1, "serverConnectionId": 203, "serverHost": "localhost", "serverPort": 27017, "awaited": true, "durationMS": 10014.999999955762, "reply": "{\"isWritablePrimary\": true, \"topologyVersion\": {\"processId\": {\"$oid\": \"67c8e7d3b60fa9fa23bd9bcf\"}}, \"maxBsonObjectSize\": 16777216, \"maxMessageSizeBytes\": 48000000, \"maxWriteBatchSize\": 100000, \"localTime\": {\"$date\": \"2025-03-11T09:03:33.754Z\"}, \"logicalSessionTimeoutMinutes\": 30, \"connectionId\": 203, \"maxWireVersion\": 21, \"ok\": 1.0}", "message": "Server heartbeat succeeded"}
2025-03-11 10:03:33,754 - DEBUG - {"topologyId": {"$oid": "67cffc5494432b875d91ec42"}, "driverConnectionId": 1, "serverConnectionId": 203, "serverHost": "localhost", "serverPort": 27017, "awaited": true, "message": "Server heartbeat started"}
2025-03-11 10:03:43,754 - DEBUG - {"topologyId": {"$oid": "67cffc5494432b875d91ec42"}, "driverConnectionId": 1, "serverConnectionId": 203, "serverHost": "localhost", "serverPort": 27017, "awaited": true, "durationMS": 10000.0, "reply": "{\"isWritablePrimary\": true, \"topologyVersion\": {\"processId\": {\"$oid\": \"67c8e7d3b60fa9fa23bd9bcf\"}}, \"maxBsonObjectSize\": 16777216, \"maxMessageSizeBytes\": 48000000, \"maxWriteBatchSize\": 100000, \"localTime\": {\"$date\": \"2025-03-11T09:03:43.755Z\"}, \"logicalSessionTimeoutMinutes\": 30, \"connectionId\": 203, \"maxWireVersion\": 21, \"ok\": 1.0}", "message": "Server heartbeat succeeded"}
2025-03-11 10:03:43,754 - DEBUG - {"topologyId": {"$oid": "67cffc5494432b875d91ec42"}, "driverConnectionId": 1, "serverConnectionId": 203, "serverHost": "localhost", "serverPort": 27017, "awaited": true, "message": "Server heartbeat started"}
2025-03-11 10:03:53,756 - DEBUG - {"topologyId": {"$oid": "67cffc5494432b875d91ec42"}, "driverConnectionId": 1, "serverConnectionId": 203, "serverHost": "localhost", "serverPort": 27017, "awaited": true, "durationMS": 10000.0, "reply": "{\"isWritablePrimary\": true, \"topologyVersion\": {\"processId\": {\"$oid\": \"67c8e7d3b60fa9fa23bd9bcf\"}}, \"maxBsonObjectSize\": 16777216, \"maxMessageSizeBytes\": 48000000, \"maxWriteBatchSize\": 100000, \"localTime\": {\"$date\": \"2025-03-11T09:03:53.756Z\"}, \"logicalSessionTimeoutMinutes\": 30, \"connectionId\": 203, \"maxWireVersion\": 21, \"ok\": 1.0}", "message": "Server heartbeat succeeded"}
2025-03-11 10:03:53,756 - DEBUG - {"topologyId": {"$oid": "67cffc5494432b875d91ec42"}, "driverConnectionId": 1, "serverConnectionId": 203, "serverHost": "localhost", "serverPort": 27017, "awaited": true, "message": "Server heartbeat started"}
2025-03-11 10:04:03,756 - DEBUG - {"topologyId": {"$oid": "67cffc5494432b875d91ec42"}, "driverConnectionId": 1, "serverConnectionId": 203, "serverHost": "localhost", "serverPort": 27017, "awaited": true, "durationMS": 10000.0, "reply": "{\"isWritablePrimary\": true, \"topologyVersion\": {\"processId\": {\"$oid\": \"67c8e7d3b60fa9fa23bd9bcf\"}}, \"maxBsonObjectSize\": 16777216, \"maxMessageSizeBytes\": 48000000, \"maxWriteBatchSize\": 100000, \"localTime\": {\"$date\": \"2025-03-11T09:04:03.756Z\"}, \"logicalSessionTimeoutMinutes\": 30, \"connectionId\": 203, \"maxWireVersion\": 21, \"ok\": 1.0}", "message": "Server heartbeat succeeded"}
2025-03-11 10:04:03,756 - DEBUG - {"topologyId": {"$oid": "67cffc5494432b875d91ec42"}, "driverConnectionId": 1, "serverConnectionId": 203, "serverHost": "localhost", "serverPort": 27017, "awaited": true, "message": "Server heartbeat started"}
2025-03-11 10:04:13,757 - DEBUG - {"topologyId": {"$oid": "67cffc5494432b875d91ec42"}, "driverConnectionId": 1, "serverConnectionId": 203, "serverHost": "localhost", "serverPort": 27017, "awaited": true, "durationMS": 10000.0, "reply": "{\"isWritablePrimary\": true, \"topologyVersion\": {\"processId\": {\"$oid\": \"67c8e7d3b60fa9fa23bd9bcf\"}}, \"maxBsonObjectSize\": 16777216, \"maxMessageSizeBytes\": 48000000, \"maxWriteBatchSize\": 100000, \"localTime\": {\"$date\": \"2025-03-11T09:04:13.757Z\"}, \"logicalSessionTimeoutMinutes\": 30, \"connectionId\": 203, \"maxWireVersion\": 21, \"ok\": 1.0}", "message": "Server heartbeat succeeded"}
2025-03-11 10:04:13,757 - DEBUG - {"topologyId": {"$oid": "67cffc5494432b875d91ec42"}, "driverConnectionId": 1, "serverConnectionId": 203, "serverHost": "localhost", "serverPort": 27017, "awaited": true, "message": "Server heartbeat started"}
2025-03-11 10:04:23,757 - DEBUG - {"topologyId": {"$oid": "67cffc5494432b875d91ec42"}, "driverConnectionId": 1, "serverConnectionId": 203, "serverHost": "localhost", "serverPort": 27017, "awaited": true, "durationMS": 10000.0, "reply": "{\"isWritablePrimary\": true, \"topologyVersion\": {\"processId\": {\"$oid\": \"67c8e7d3b60fa9fa23bd9bcf\"}}, \"maxBsonObjectSize\": 16777216, \"maxMessageSizeBytes\": 48000000, \"maxWriteBatchSize\": 100000, \"localTime\": {\"$date\": \"2025-03-11T09:04:23.757Z\"}, \"logicalSessionTimeoutMinutes\": 30, \"connectionId\": 203, \"maxWireVersion\": 21, \"ok\": 1.0}", "message": "Server heartbeat succeeded"}
2025-03-11 10:04:23,757 - DEBUG - {"topologyId": {"$oid": "67cffc5494432b875d91ec42"}, "driverConnectionId": 1, "serverConnectionId": 203, "serverHost": "localhost", "serverPort": 27017, "awaited": true, "message": "Server heartbeat started"}
2025-03-11 10:04:24,774 - DEBUG - {"topologyId": {"$oid": "67cffc5494432b875d91ec42"}, "serverHost": "localhost", "serverPort": 27017, "awaited": true, "durationMS": 1016.0000000032596, "failure": "\"_OperationCancelled('operation cancelled')\"", "driverConnectionId": 1, "message": "Server heartbeat failed"}
2025-03-11 10:04:25,801 - DEBUG - {"topologyId": {"$oid": "67cffc99f2727d49e4209771"}, "message": "Starting topology monitoring"}
2025-03-11 10:04:25,801 - DEBUG - {"topologyId": {"$oid": "67cffc99f2727d49e4209771"}, "previousDescription": "<TopologyDescription id: 67cffc99f2727d49e4209771, topology_type: Unknown, servers: []>", "newDescription": "<TopologyDescription id: 67cffc99f2727d49e4209771, topology_type: Unknown, servers: [<ServerDescription ('localhost', 27017) server_type: Unknown, rtt: None>]>", "message": "Topology description changed"}
2025-03-11 10:04:25,801 - DEBUG - {"topologyId": {"$oid": "67cffc99f2727d49e4209771"}, "serverHost": "localhost", "serverPort": 27017, "message": "Starting server monitoring"}
2025-03-11 10:04:29,778 - INFO - Timestamp for 24 hours ago: 2025-03-10 09:04:29.778556+00:00
2025-03-11 10:04:29,778 - INFO - Formatted timestamp for query: 2025-03-10T09:04:29.000Z
2025-03-11 10:04:29,778 - DEBUG - MongoDB query: {'metadata.publishedOn': {'$gte': '2025-03-10T09:04:29.000Z'}}
2025-03-11 10:04:29,779 - DEBUG - {"clientId": {"$oid": "67cffc99f2727d49e4209771"}, "message": "Connection pool created", "serverHost": "localhost", "serverPort": 27017}
2025-03-11 10:04:29,781 - DEBUG - {"message": "Server selection started", "selector": "Primary()", "operation": "find", "topologyDescription": "<TopologyDescription id: 67cffc99f2727d49e4209771, topology_type: Unknown, servers: [<ServerDescription ('localhost', 27017) server_type: Unknown, rtt: None>]>", "clientId": {"$oid": "67cffc99f2727d49e4209771"}}
2025-03-11 10:04:29,781 - DEBUG - {"message": "Waiting for suitable server to become available", "selector": "Primary()", "operation": "find", "topologyDescription": "<TopologyDescription id: 67cffc99f2727d49e4209771, topology_type: Unknown, servers: [<ServerDescription ('localhost', 27017) server_type: Unknown, rtt: None>]>", "clientId": {"$oid": "67cffc99f2727d49e4209771"}, "remainingTimeMS": 30}
2025-03-11 10:04:29,784 - DEBUG - {"topologyId": {"$oid": "67cffc99f2727d49e4209771"}, "driverConnectionId": 1, "serverHost": "localhost", "serverPort": 27017, "awaited": false, "message": "Server heartbeat started"}
2025-03-11 10:04:29,784 - DEBUG - {"topologyId": {"$oid": "67cffc99f2727d49e4209771"}, "driverConnectionId": 1, "serverConnectionId": 206, "serverHost": "localhost", "serverPort": 27017, "awaited": false, "durationMS": 0.0, "reply": "{\"helloOk\": true, \"ismaster\": true, \"topologyVersion\": {\"processId\": {\"$oid\": \"67c8e7d3b60fa9fa23bd9bcf\"}}, \"maxBsonObjectSize\": 16777216, \"maxMessageSizeBytes\": 48000000, \"maxWriteBatchSize\": 100000, \"localTime\": {\"$date\": \"2025-03-11T09:04:29.784Z\"}, \"logicalSessionTimeoutMinutes\": 30, \"connectionId\": 206, \"maxWireVersion\": 21, \"ok\": 1.0}", "message": "Server heartbeat succeeded"}
2025-03-11 10:04:29,785 - DEBUG - {"clientId": {"$oid": "67cffc99f2727d49e4209771"}, "message": "Connection pool ready", "serverHost": "localhost", "serverPort": 27017}
2025-03-11 10:04:29,785 - DEBUG - {"topologyId": {"$oid": "67cffc99f2727d49e4209771"}, "previousDescription": "<TopologyDescription id: 67cffc99f2727d49e4209771, topology_type: Unknown, servers: [<ServerDescription ('localhost', 27017) server_type: Unknown, rtt: None>]>", "newDescription": "<TopologyDescription id: 67cffc99f2727d49e4209771, topology_type: Single, servers: [<ServerDescription ('localhost', 27017) server_type: Standalone, rtt: 0.0>]>", "message": "Topology description changed"}
2025-03-11 10:04:29,785 - DEBUG - {"message": "Server selection succeeded", "selector": "Primary()", "operation": "find", "topologyDescription": "<TopologyDescription id: 67cffc99f2727d49e4209771, topology_type: Single, servers: [<ServerDescription ('localhost', 27017) server_type: Standalone, rtt: 0.0>]>", "clientId": {"$oid": "67cffc99f2727d49e4209771"}, "serverHost": "localhost", "serverPort": 27017}
2025-03-11 10:04:29,785 - DEBUG - {"clientId": {"$oid": "67cffc99f2727d49e4209771"}, "message": "Connection checkout started", "serverHost": "localhost", "serverPort": 27017}
2025-03-11 10:04:29,785 - DEBUG - {"topologyId": {"$oid": "67cffc99f2727d49e4209771"}, "driverConnectionId": 1, "serverConnectionId": 206, "serverHost": "localhost", "serverPort": 27017, "awaited": true, "message": "Server heartbeat started"}
2025-03-11 10:04:29,785 - DEBUG - {"clientId": {"$oid": "67cffc99f2727d49e4209771"}, "message": "Connection created", "serverHost": "localhost", "serverPort": 27017, "driverConnectionId": 1}
2025-03-11 10:04:29,787 - DEBUG - {"clientId": {"$oid": "67cffc99f2727d49e4209771"}, "message": "Connection ready", "serverHost": "localhost", "serverPort": 27017, "driverConnectionId": 1, "durationMS": 0.0}
2025-03-11 10:04:29,787 - DEBUG - {"clientId": {"$oid": "67cffc99f2727d49e4209771"}, "message": "Connection checked out", "serverHost": "localhost", "serverPort": 27017, "driverConnectionId": 1, "durationMS": 0.0}
2025-03-11 10:04:29,787 - DEBUG - {"clientId": {"$oid": "67cffc99f2727d49e4209771"}, "message": "Command started", "command": "{\"find\": \"immo_neuf\", \"filter\": {\"metadata.publishedOn\": {\"$gte\": \"2025-03-10T09:04:29.000Z\"}}, \"lsid\": {\"id\": {\"$binary\": {\"base64\": \"8FaEP5tlTAyt8+4yATTO5Q==\", \"subType\": \"04\"}}}, \"$db\": \"tayara\"}", "commandName": "find", "databaseName": "tayara", "requestId": 18467, "operationId": 18467, "driverConnectionId": 1, "serverConnectionId": 208, "serverHost": "localhost", "serverPort": 27017}
2025-03-11 10:04:29,795 - DEBUG - {"clientId": {"$oid": "67cffc99f2727d49e4209771"}, "message": "Command succeeded", "durationMS": 8.503, "reply": "{\"cursor\": {\"ns\": \"tayara.immo_neuf\"}, \"ok\": 1.0}", "commandName": "find", "databaseName": "tayara", "requestId": 18467, "operationId": 18467, "driverConnectionId": 1, "serverConnectionId": 208, "serverHost": "localhost", "serverPort": 27017}
2025-03-11 10:04:29,795 - DEBUG - {"clientId": {"$oid": "67cffc99f2727d49e4209771"}, "message": "Connection checked in", "serverHost": "localhost", "serverPort": 27017, "driverConnectionId": 1}
2025-03-11 10:04:29,796 - DEBUG - Found 0 new listings
2025-03-11 10:04:29,796 - INFO - No new listings found within the last 24 hours.
2025-03-11 10:04:32,512 - INFO - Timestamp for 24 hours ago: 2025-03-10 09:04:32.512450+00:00
2025-03-11 10:04:32,512 - INFO - Formatted timestamp for query: 2025-03-10T09:04:32.000Z
2025-03-11 10:04:32,512 - DEBUG - MongoDB query: {'metadata.publishedOn': {'$gte': '2025-03-10T09:04:32.000Z'}}
2025-03-11 10:04:32,512 - DEBUG - {"message": "Server selection started", "selector": "Primary()", "operation": "find", "topologyDescription": "<TopologyDescription id: 67cffc99f2727d49e4209771, topology_type: Single, servers: [<ServerDescription ('localhost', 27017) server_type: Standalone, rtt: 0.0>]>", "clientId": {"$oid": "67cffc99f2727d49e4209771"}}
2025-03-11 10:04:32,512 - DEBUG - {"message": "Server selection succeeded", "selector": "Primary()", "operation": "find", "topologyDescription": "<TopologyDescription id: 67cffc99f2727d49e4209771, topology_type: Single, servers: [<ServerDescription ('localhost', 27017) server_type: Standalone, rtt: 0.0>]>", "clientId": {"$oid": "67cffc99f2727d49e4209771"}, "serverHost": "localhost", "serverPort": 27017}
2025-03-11 10:04:32,512 - DEBUG - {"clientId": {"$oid": "67cffc99f2727d49e4209771"}, "message": "Connection checkout started", "serverHost": "localhost", "serverPort": 27017}
2025-03-11 10:04:32,512 - DEBUG - {"clientId": {"$oid": "67cffc99f2727d49e4209771"}, "message": "Connection checked out", "serverHost": "localhost", "serverPort": 27017, "driverConnectionId": 1, "durationMS": 0.0}
2025-03-11 10:04:32,513 - DEBUG - {"clientId": {"$oid": "67cffc99f2727d49e4209771"}, "message": "Command started", "command": "{\"find\": \"immo_neuf\", \"filter\": {\"metadata.publishedOn\": {\"$gte\": \"2025-03-10T09:04:32.000Z\"}}, \"lsid\": {\"id\": {\"$binary\": {\"base64\": \"8FaEP5tlTAyt8+4yATTO5Q==\", \"subType\": \"04\"}}}, \"$db\": \"tayara\"}", "commandName": "find", "databaseName": "tayara", "requestId": 6334, "operationId": 6334, "driverConnectionId": 1, "serverConnectionId": 208, "serverHost": "localhost", "serverPort": 27017}
2025-03-11 10:04:32,521 - DEBUG - {"clientId": {"$oid": "67cffc99f2727d49e4209771"}, "message": "Command succeeded", "durationMS": 9.507, "reply": "{\"cursor\": {\"ns\": \"tayara.immo_neuf\"}, \"ok\": 1.0}", "commandName": "find", "databaseName": "tayara", "requestId": 6334, "operationId": 6334, "driverConnectionId": 1, "serverConnectionId": 208, "serverHost": "localhost", "serverPort": 27017}
2025-03-11 10:04:32,521 - DEBUG - {"clientId": {"$oid": "67cffc99f2727d49e4209771"}, "message": "Connection checked in", "serverHost": "localhost", "serverPort": 27017, "driverConnectionId": 1}
2025-03-11 10:04:32,521 - DEBUG - Found 0 new listings
2025-03-11 10:04:32,521 - INFO - No new listings found within the last 24 hours.
2025-03-11 10:04:33,176 - INFO - Timestamp for 24 hours ago: 2025-03-10 09:04:33.176404+00:00
2025-03-11 10:04:33,176 - INFO - Formatted timestamp for query: 2025-03-10T09:04:33.000Z
2025-03-11 10:04:33,176 - DEBUG - MongoDB query: {'metadata.publishedOn': {'$gte': '2025-03-10T09:04:33.000Z'}}
2025-03-11 10:04:33,176 - DEBUG - {"message": "Server selection started", "selector": "Primary()", "operation": "find", "topologyDescription": "<TopologyDescription id: 67cffc99f2727d49e4209771, topology_type: Single, servers: [<ServerDescription ('localhost', 27017) server_type: Standalone, rtt: 0.0>]>", "clientId": {"$oid": "67cffc99f2727d49e4209771"}}
2025-03-11 10:04:33,176 - DEBUG - {"message": "Server selection succeeded", "selector": "Primary()", "operation": "find", "topologyDescription": "<TopologyDescription id: 67cffc99f2727d49e4209771, topology_type: Single, servers: [<ServerDescription ('localhost', 27017) server_type: Standalone, rtt: 0.0>]>", "clientId": {"$oid": "67cffc99f2727d49e4209771"}, "serverHost": "localhost", "serverPort": 27017}
2025-03-11 10:04:33,176 - DEBUG - {"clientId": {"$oid": "67cffc99f2727d49e4209771"}, "message": "Connection checkout started", "serverHost": "localhost", "serverPort": 27017}
2025-03-11 10:04:33,176 - DEBUG - {"clientId": {"$oid": "67cffc99f2727d49e4209771"}, "message": "Connection checked out", "serverHost": "localhost", "serverPort": 27017, "driverConnectionId": 1, "durationMS": 0.0}
2025-03-11 10:04:33,176 - DEBUG - {"clientId": {"$oid": "67cffc99f2727d49e4209771"}, "message": "Command started", "command": "{\"find\": \"immo_neuf\", \"filter\": {\"metadata.publishedOn\": {\"$gte\": \"2025-03-10T09:04:33.000Z\"}}, \"lsid\": {\"id\": {\"$binary\": {\"base64\": \"8FaEP5tlTAyt8+4yATTO5Q==\", \"subType\": \"04\"}}}, \"$db\": \"tayara\"}", "commandName": "find", "databaseName": "tayara", "requestId": 26500, "operationId": 26500, "driverConnectionId": 1, "serverConnectionId": 208, "serverHost": "localhost", "serverPort": 27017}
2025-03-11 10:04:33,184 - DEBUG - {"clientId": {"$oid": "67cffc99f2727d49e4209771"}, "message": "Command succeeded", "durationMS": 8.507000000000001, "reply": "{\"cursor\": {\"ns\": \"tayara.immo_neuf\"}, \"ok\": 1.0}", "commandName": "find", "databaseName": "tayara", "requestId": 26500, "operationId": 26500, "driverConnectionId": 1, "serverConnectionId": 208, "serverHost": "localhost", "serverPort": 27017}
2025-03-11 10:04:33,184 - DEBUG - {"clientId": {"$oid": "67cffc99f2727d49e4209771"}, "message": "Connection checked in", "serverHost": "localhost", "serverPort": 27017, "driverConnectionId": 1}
2025-03-11 10:04:33,185 - DEBUG - Found 0 new listings
2025-03-11 10:04:33,185 - INFO - No new listings found within the last 24 hours.
2025-03-11 10:04:33,526 - INFO - Timestamp for 24 hours ago: 2025-03-10 09:04:33.526042+00:00
2025-03-11 10:04:33,526 - INFO - Formatted timestamp for query: 2025-03-10T09:04:33.000Z
2025-03-11 10:04:33,526 - DEBUG - MongoDB query: {'metadata.publishedOn': {'$gte': '2025-03-10T09:04:33.000Z'}}
2025-03-11 10:04:33,527 - DEBUG - {"message": "Server selection started", "selector": "Primary()", "operation": "find", "topologyDescription": "<TopologyDescription id: 67cffc99f2727d49e4209771, topology_type: Single, servers: [<ServerDescription ('localhost', 27017) server_type: Standalone, rtt: 0.0>]>", "clientId": {"$oid": "67cffc99f2727d49e4209771"}}
2025-03-11 10:04:33,527 - DEBUG - {"message": "Server selection succeeded", "selector": "Primary()", "operation": "find", "topologyDescription": "<TopologyDescription id: 67cffc99f2727d49e4209771, topology_type: Single, servers: [<ServerDescription ('localhost', 27017) server_type: Standalone, rtt: 0.0>]>", "clientId": {"$oid": "67cffc99f2727d49e4209771"}, "serverHost": "localhost", "serverPort": 27017}
2025-03-11 10:04:33,527 - DEBUG - {"clientId": {"$oid": "67cffc99f2727d49e4209771"}, "message": "Connection checkout started", "serverHost": "localhost", "serverPort": 27017}
2025-03-11 10:04:33,527 - DEBUG - {"clientId": {"$oid": "67cffc99f2727d49e4209771"}, "message": "Connection checked out", "serverHost": "localhost", "serverPort": 27017, "driverConnectionId": 1, "durationMS": 0.0}
2025-03-11 10:04:33,527 - DEBUG - {"clientId": {"$oid": "67cffc99f2727d49e4209771"}, "message": "Command started", "command": "{\"find\": \"immo_neuf\", \"filter\": {\"metadata.publishedOn\": {\"$gte\": \"2025-03-10T09:04:33.000Z\"}}, \"lsid\": {\"id\": {\"$binary\": {\"base64\": \"8FaEP5tlTAyt8+4yATTO5Q==\", \"subType\": \"04\"}}}, \"$db\": \"tayara\"}", "commandName": "find", "databaseName": "tayara", "requestId": 19169, "operationId": 19169, "driverConnectionId": 1, "serverConnectionId": 208, "serverHost": "localhost", "serverPort": 27017}
2025-03-11 10:04:33,535 - DEBUG - {"clientId": {"$oid": "67cffc99f2727d49e4209771"}, "message": "Command succeeded", "durationMS": 8.318000000000001, "reply": "{\"cursor\": {\"ns\": \"tayara.immo_neuf\"}, \"ok\": 1.0}", "commandName": "find", "databaseName": "tayara", "requestId": 19169, "operationId": 19169, "driverConnectionId": 1, "serverConnectionId": 208, "serverHost": "localhost", "serverPort": 27017}
2025-03-11 10:04:33,535 - DEBUG - {"clientId": {"$oid": "67cffc99f2727d49e4209771"}, "message": "Connection checked in", "serverHost": "localhost", "serverPort": 27017, "driverConnectionId": 1}
2025-03-11 10:04:33,536 - DEBUG - Found 0 new listings
2025-03-11 10:04:33,536 - INFO - No new listings found within the last 24 hours.
2025-03-11 10:04:33,744 - INFO - Timestamp for 24 hours ago: 2025-03-10 09:04:33.744168+00:00
2025-03-11 10:04:33,744 - INFO - Formatted timestamp for query: 2025-03-10T09:04:33.000Z
2025-03-11 10:04:33,744 - DEBUG - MongoDB query: {'metadata.publishedOn': {'$gte': '2025-03-10T09:04:33.000Z'}}
2025-03-11 10:04:33,744 - DEBUG - {"message": "Server selection started", "selector": "Primary()", "operation": "find", "topologyDescription": "<TopologyDescription id: 67cffc99f2727d49e4209771, topology_type: Single, servers: [<ServerDescription ('localhost', 27017) server_type: Standalone, rtt: 0.0>]>", "clientId": {"$oid": "67cffc99f2727d49e4209771"}}
2025-03-11 10:04:33,744 - DEBUG - {"message": "Server selection succeeded", "selector": "Primary()", "operation": "find", "topologyDescription": "<TopologyDescription id: 67cffc99f2727d49e4209771, topology_type: Single, servers: [<ServerDescription ('localhost', 27017) server_type: Standalone, rtt: 0.0>]>", "clientId": {"$oid": "67cffc99f2727d49e4209771"}, "serverHost": "localhost", "serverPort": 27017}
2025-03-11 10:04:33,744 - DEBUG - {"clientId": {"$oid": "67cffc99f2727d49e4209771"}, "message": "Connection checkout started", "serverHost": "localhost", "serverPort": 27017}
2025-03-11 10:04:33,745 - DEBUG - {"clientId": {"$oid": "67cffc99f2727d49e4209771"}, "message": "Connection checked out", "serverHost": "localhost", "serverPort": 27017, "driverConnectionId": 1, "durationMS": 0.0}
2025-03-11 10:04:33,745 - DEBUG - {"clientId": {"$oid": "67cffc99f2727d49e4209771"}, "message": "Command started", "command": "{\"find\": \"immo_neuf\", \"filter\": {\"metadata.publishedOn\": {\"$gte\": \"2025-03-10T09:04:33.000Z\"}}, \"lsid\": {\"id\": {\"$binary\": {\"base64\": \"8FaEP5tlTAyt8+4yATTO5Q==\", \"subType\": \"04\"}}}, \"$db\": \"tayara\"}", "commandName": "find", "databaseName": "tayara", "requestId": 15724, "operationId": 15724, "driverConnectionId": 1, "serverConnectionId": 208, "serverHost": "localhost", "serverPort": 27017}
2025-03-11 10:04:33,753 - DEBUG - {"clientId": {"$oid": "67cffc99f2727d49e4209771"}, "message": "Command succeeded", "durationMS": 7.998, "reply": "{\"cursor\": {\"ns\": \"tayara.immo_neuf\"}, \"ok\": 1.0}", "commandName": "find", "databaseName": "tayara", "requestId": 15724, "operationId": 15724, "driverConnectionId": 1, "serverConnectionId": 208, "serverHost": "localhost", "serverPort": 27017}
2025-03-11 10:04:33,754 - DEBUG - {"clientId": {"$oid": "67cffc99f2727d49e4209771"}, "message": "Connection checked in", "serverHost": "localhost", "serverPort": 27017, "driverConnectionId": 1}
2025-03-11 10:04:33,754 - DEBUG - Found 0 new listings
2025-03-11 10:04:33,754 - INFO - No new listings found within the last 24 hours.
2025-03-11 10:04:33,950 - INFO - Timestamp for 24 hours ago: 2025-03-10 09:04:33.950253+00:00
2025-03-11 10:04:33,950 - INFO - Formatted timestamp for query: 2025-03-10T09:04:33.000Z
2025-03-11 10:04:33,950 - DEBUG - MongoDB query: {'metadata.publishedOn': {'$gte': '2025-03-10T09:04:33.000Z'}}
2025-03-11 10:04:33,950 - DEBUG - {"message": "Server selection started", "selector": "Primary()", "operation": "find", "topologyDescription": "<TopologyDescription id: 67cffc99f2727d49e4209771, topology_type: Single, servers: [<ServerDescription ('localhost', 27017) server_type: Standalone, rtt: 0.0>]>", "clientId": {"$oid": "67cffc99f2727d49e4209771"}}
2025-03-11 10:04:33,950 - DEBUG - {"message": "Server selection succeeded", "selector": "Primary()", "operation": "find", "topologyDescription": "<TopologyDescription id: 67cffc99f2727d49e4209771, topology_type: Single, servers: [<ServerDescription ('localhost', 27017) server_type: Standalone, rtt: 0.0>]>", "clientId": {"$oid": "67cffc99f2727d49e4209771"}, "serverHost": "localhost", "serverPort": 27017}
2025-03-11 10:04:33,951 - DEBUG - {"clientId": {"$oid": "67cffc99f2727d49e4209771"}, "message": "Connection checkout started", "serverHost": "localhost", "serverPort": 27017}
2025-03-11 10:04:33,951 - DEBUG - {"clientId": {"$oid": "67cffc99f2727d49e4209771"}, "message": "Connection checked out", "serverHost": "localhost", "serverPort": 27017, "driverConnectionId": 1, "durationMS": 0.0}
2025-03-11 10:04:33,951 - DEBUG - {"clientId": {"$oid": "67cffc99f2727d49e4209771"}, "message": "Command started", "command": "{\"find\": \"immo_neuf\", \"filter\": {\"metadata.publishedOn\": {\"$gte\": \"2025-03-10T09:04:33.000Z\"}}, \"lsid\": {\"id\": {\"$binary\": {\"base64\": \"8FaEP5tlTAyt8+4yATTO5Q==\", \"subType\": \"04\"}}}, \"$db\": \"tayara\"}", "commandName": "find", "databaseName": "tayara", "requestId": 11478, "operationId": 11478, "driverConnectionId": 1, "serverConnectionId": 208, "serverHost": "localhost", "serverPort": 27017}
2025-03-11 10:04:33,958 - DEBUG - {"clientId": {"$oid": "67cffc99f2727d49e4209771"}, "message": "Command succeeded", "durationMS": 7.509, "reply": "{\"cursor\": {\"ns\": \"tayara.immo_neuf\"}, \"ok\": 1.0}", "commandName": "find", "databaseName": "tayara", "requestId": 11478, "operationId": 11478, "driverConnectionId": 1, "serverConnectionId": 208, "serverHost": "localhost", "serverPort": 27017}
2025-03-11 10:04:33,958 - DEBUG - {"clientId": {"$oid": "67cffc99f2727d49e4209771"}, "message": "Connection checked in", "serverHost": "localhost", "serverPort": 27017, "driverConnectionId": 1}
2025-03-11 10:04:33,959 - DEBUG - Found 0 new listings
2025-03-11 10:04:33,959 - INFO - No new listings found within the last 24 hours.
2025-03-11 10:04:34,138 - INFO - Timestamp for 24 hours ago: 2025-03-10 09:04:34.138202+00:00
2025-03-11 10:04:34,138 - INFO - Formatted timestamp for query: 2025-03-10T09:04:34.000Z
2025-03-11 10:04:34,138 - DEBUG - MongoDB query: {'metadata.publishedOn': {'$gte': '2025-03-10T09:04:34.000Z'}}
2025-03-11 10:04:34,138 - DEBUG - {"message": "Server selection started", "selector": "Primary()", "operation": "find", "topologyDescription": "<TopologyDescription id: 67cffc99f2727d49e4209771, topology_type: Single, servers: [<ServerDescription ('localhost', 27017) server_type: Standalone, rtt: 0.0>]>", "clientId": {"$oid": "67cffc99f2727d49e4209771"}}
2025-03-11 10:04:34,139 - DEBUG - {"message": "Server selection succeeded", "selector": "Primary()", "operation": "find", "topologyDescription": "<TopologyDescription id: 67cffc99f2727d49e4209771, topology_type: Single, servers: [<ServerDescription ('localhost', 27017) server_type: Standalone, rtt: 0.0>]>", "clientId": {"$oid": "67cffc99f2727d49e4209771"}, "serverHost": "localhost", "serverPort": 27017}
2025-03-11 10:04:34,139 - DEBUG - {"clientId": {"$oid": "67cffc99f2727d49e4209771"}, "message": "Connection checkout started", "serverHost": "localhost", "serverPort": 27017}
2025-03-11 10:04:34,139 - DEBUG - {"clientId": {"$oid": "67cffc99f2727d49e4209771"}, "message": "Connection checked out", "serverHost": "localhost", "serverPort": 27017, "driverConnectionId": 1, "durationMS": 0.0}
2025-03-11 10:04:34,139 - DEBUG - {"clientId": {"$oid": "67cffc99f2727d49e4209771"}, "message": "Command started", "command": "{\"find\": \"immo_neuf\", \"filter\": {\"metadata.publishedOn\": {\"$gte\": \"2025-03-10T09:04:34.000Z\"}}, \"lsid\": {\"id\": {\"$binary\": {\"base64\": \"8FaEP5tlTAyt8+4yATTO5Q==\", \"subType\": \"04\"}}}, \"$db\": \"tayara\"}", "commandName": "find", "databaseName": "tayara", "requestId": 29358, "operationId": 29358, "driverConnectionId": 1, "serverConnectionId": 208, "serverHost": "localhost", "serverPort": 27017}
2025-03-11 10:04:34,147 - DEBUG - {"clientId": {"$oid": "67cffc99f2727d49e4209771"}, "message": "Command succeeded", "durationMS": 7.499, "reply": "{\"cursor\": {\"ns\": \"tayara.immo_neuf\"}, \"ok\": 1.0}", "commandName": "find", "databaseName": "tayara", "requestId": 29358, "operationId": 29358, "driverConnectionId": 1, "serverConnectionId": 208, "serverHost": "localhost", "serverPort": 27017}
2025-03-11 10:04:34,147 - DEBUG - {"clientId": {"$oid": "67cffc99f2727d49e4209771"}, "message": "Connection checked in", "serverHost": "localhost", "serverPort": 27017, "driverConnectionId": 1}
2025-03-11 10:04:34,147 - DEBUG - Found 0 new listings
2025-03-11 10:04:34,147 - INFO - No new listings found within the last 24 hours.
2025-03-11 10:04:34,345 - INFO - Timestamp for 24 hours ago: 2025-03-10 09:04:34.345367+00:00
2025-03-11 10:04:34,345 - INFO - Formatted timestamp for query: 2025-03-10T09:04:34.000Z
2025-03-11 10:04:34,345 - DEBUG - MongoDB query: {'metadata.publishedOn': {'$gte': '2025-03-10T09:04:34.000Z'}}
2025-03-11 10:04:34,346 - DEBUG - {"message": "Server selection started", "selector": "Primary()", "operation": "find", "topologyDescription": "<TopologyDescription id: 67cffc99f2727d49e4209771, topology_type: Single, servers: [<ServerDescription ('localhost', 27017) server_type: Standalone, rtt: 0.0>]>", "clientId": {"$oid": "67cffc99f2727d49e4209771"}}
2025-03-11 10:04:34,346 - DEBUG - {"message": "Server selection succeeded", "selector": "Primary()", "operation": "find", "topologyDescription": "<TopologyDescription id: 67cffc99f2727d49e4209771, topology_type: Single, servers: [<ServerDescription ('localhost', 27017) server_type: Standalone, rtt: 0.0>]>", "clientId": {"$oid": "67cffc99f2727d49e4209771"}, "serverHost": "localhost", "serverPort": 27017}
2025-03-11 10:04:34,346 - DEBUG - {"clientId": {"$oid": "67cffc99f2727d49e4209771"}, "message": "Connection checkout started", "serverHost": "localhost", "serverPort": 27017}
2025-03-11 10:04:34,346 - DEBUG - {"clientId": {"$oid": "67cffc99f2727d49e4209771"}, "message": "Connection checked out", "serverHost": "localhost", "serverPort": 27017, "driverConnectionId": 1, "durationMS": 0.0}
2025-03-11 10:04:34,346 - DEBUG - {"clientId": {"$oid": "67cffc99f2727d49e4209771"}, "message": "Command started", "command": "{\"find\": \"immo_neuf\", \"filter\": {\"metadata.publishedOn\": {\"$gte\": \"2025-03-10T09:04:34.000Z\"}}, \"lsid\": {\"id\": {\"$binary\": {\"base64\": \"8FaEP5tlTAyt8+4yATTO5Q==\", \"subType\": \"04\"}}}, \"$db\": \"tayara\"}", "commandName": "find", "databaseName": "tayara", "requestId": 26962, "operationId": 26962, "driverConnectionId": 1, "serverConnectionId": 208, "serverHost": "localhost", "serverPort": 27017}
2025-03-11 10:04:34,354 - DEBUG - {"clientId": {"$oid": "67cffc99f2727d49e4209771"}, "message": "Command succeeded", "durationMS": 8.517, "reply": "{\"cursor\": {\"ns\": \"tayara.immo_neuf\"}, \"ok\": 1.0}", "commandName": "find", "databaseName": "tayara", "requestId": 26962, "operationId": 26962, "driverConnectionId": 1, "serverConnectionId": 208, "serverHost": "localhost", "serverPort": 27017}
2025-03-11 10:04:34,354 - DEBUG - {"clientId": {"$oid": "67cffc99f2727d49e4209771"}, "message": "Connection checked in", "serverHost": "localhost", "serverPort": 27017, "driverConnectionId": 1}
2025-03-11 10:04:34,354 - DEBUG - Found 0 new listings
2025-03-11 10:04:34,354 - INFO - No new listings found within the last 24 hours.
2025-03-11 10:04:34,539 - INFO - Timestamp for 24 hours ago: 2025-03-10 09:04:34.539568+00:00
2025-03-11 10:04:34,539 - INFO - Formatted timestamp for query: 2025-03-10T09:04:34.000Z
2025-03-11 10:04:34,539 - DEBUG - MongoDB query: {'metadata.publishedOn': {'$gte': '2025-03-10T09:04:34.000Z'}}
2025-03-11 10:04:34,539 - DEBUG - {"message": "Server selection started", "selector": "Primary()", "operation": "find", "topologyDescription": "<TopologyDescription id: 67cffc99f2727d49e4209771, topology_type: Single, servers: [<ServerDescription ('localhost', 27017) server_type: Standalone, rtt: 0.0>]>", "clientId": {"$oid": "67cffc99f2727d49e4209771"}}
2025-03-11 10:04:34,539 - DEBUG - {"message": "Server selection succeeded", "selector": "Primary()", "operation": "find", "topologyDescription": "<TopologyDescription id: 67cffc99f2727d49e4209771, topology_type: Single, servers: [<ServerDescription ('localhost', 27017) server_type: Standalone, rtt: 0.0>]>", "clientId": {"$oid": "67cffc99f2727d49e4209771"}, "serverHost": "localhost", "serverPort": 27017}
2025-03-11 10:04:34,539 - DEBUG - {"clientId": {"$oid": "67cffc99f2727d49e4209771"}, "message": "Connection checkout started", "serverHost": "localhost", "serverPort": 27017}
2025-03-11 10:04:34,539 - DEBUG - {"clientId": {"$oid": "67cffc99f2727d49e4209771"}, "message": "Connection checked out", "serverHost": "localhost", "serverPort": 27017, "driverConnectionId": 1, "durationMS": 0.0}
2025-03-11 10:04:34,540 - DEBUG - {"clientId": {"$oid": "67cffc99f2727d49e4209771"}, "message": "Command started", "command": "{\"find\": \"immo_neuf\", \"filter\": {\"metadata.publishedOn\": {\"$gte\": \"2025-03-10T09:04:34.000Z\"}}, \"lsid\": {\"id\": {\"$binary\": {\"base64\": \"8FaEP5tlTAyt8+4yATTO5Q==\", \"subType\": \"04\"}}}, \"$db\": \"tayara\"}", "commandName": "find", "databaseName": "tayara", "requestId": 24464, "operationId": 24464, "driverConnectionId": 1, "serverConnectionId": 208, "serverHost": "localhost", "serverPort": 27017}
2025-03-11 10:04:34,548 - DEBUG - {"clientId": {"$oid": "67cffc99f2727d49e4209771"}, "message": "Command succeeded", "durationMS": 8.51, "reply": "{\"cursor\": {\"ns\": \"tayara.immo_neuf\"}, \"ok\": 1.0}", "commandName": "find", "databaseName": "tayara", "requestId": 24464, "operationId": 24464, "driverConnectionId": 1, "serverConnectionId": 208, "serverHost": "localhost", "serverPort": 27017}
2025-03-11 10:04:34,548 - DEBUG - {"clientId": {"$oid": "67cffc99f2727d49e4209771"}, "message": "Connection checked in", "serverHost": "localhost", "serverPort": 27017, "driverConnectionId": 1}
2025-03-11 10:04:34,549 - DEBUG - Found 0 new listings
2025-03-11 10:04:34,549 - INFO - No new listings found within the last 24 hours.
2025-03-11 10:04:39,787 - DEBUG - {"topologyId": {"$oid": "67cffc99f2727d49e4209771"}, "driverConnectionId": 1, "serverConnectionId": 206, "serverHost": "localhost", "serverPort": 27017, "awaited": true, "durationMS": 10000.0, "reply": "{\"isWritablePrimary\": true, \"topologyVersion\": {\"processId\": {\"$oid\": \"67c8e7d3b60fa9fa23bd9bcf\"}}, \"maxBsonObjectSize\": 16777216, \"maxMessageSizeBytes\": 48000000, \"maxWriteBatchSize\": 100000, \"localTime\": {\"$date\": \"2025-03-11T09:04:39.787Z\"}, \"logicalSessionTimeoutMinutes\": 30, \"connectionId\": 206, \"maxWireVersion\": 21, \"ok\": 1.0}", "message": "Server heartbeat succeeded"}
2025-03-11 10:04:39,787 - DEBUG - {"topologyId": {"$oid": "67cffc99f2727d49e4209771"}, "driverConnectionId": 1, "serverConnectionId": 206, "serverHost": "localhost", "serverPort": 27017, "awaited": true, "message": "Server heartbeat started"}
2025-03-11 10:04:49,788 - DEBUG - {"topologyId": {"$oid": "67cffc99f2727d49e4209771"}, "driverConnectionId": 1, "serverConnectionId": 206, "serverHost": "localhost", "serverPort": 27017, "awaited": true, "durationMS": 10000.0, "reply": "{\"isWritablePrimary\": true, \"topologyVersion\": {\"processId\": {\"$oid\": \"67c8e7d3b60fa9fa23bd9bcf\"}}, \"maxBsonObjectSize\": 16777216, \"maxMessageSizeBytes\": 48000000, \"maxWriteBatchSize\": 100000, \"localTime\": {\"$date\": \"2025-03-11T09:04:49.788Z\"}, \"logicalSessionTimeoutMinutes\": 30, \"connectionId\": 206, \"maxWireVersion\": 21, \"ok\": 1.0}", "message": "Server heartbeat succeeded"}
2025-03-11 10:04:49,788 - DEBUG - {"topologyId": {"$oid": "67cffc99f2727d49e4209771"}, "driverConnectionId": 1, "serverConnectionId": 206, "serverHost": "localhost", "serverPort": 27017, "awaited": true, "message": "Server heartbeat started"}
2025-03-11 10:04:59,789 - DEBUG - {"topologyId": {"$oid": "67cffc99f2727d49e4209771"}, "driverConnectionId": 1, "serverConnectionId": 206, "serverHost": "localhost", "serverPort": 27017, "awaited": true, "durationMS": 10000.0, "reply": "{\"isWritablePrimary\": true, \"topologyVersion\": {\"processId\": {\"$oid\": \"67c8e7d3b60fa9fa23bd9bcf\"}}, \"maxBsonObjectSize\": 16777216, \"maxMessageSizeBytes\": 48000000, \"maxWriteBatchSize\": 100000, \"localTime\": {\"$date\": \"2025-03-11T09:04:59.790Z\"}, \"logicalSessionTimeoutMinutes\": 30, \"connectionId\": 206, \"maxWireVersion\": 21, \"ok\": 1.0}", "message": "Server heartbeat succeeded"}
2025-03-11 10:04:59,790 - DEBUG - {"topologyId": {"$oid": "67cffc99f2727d49e4209771"}, "driverConnectionId": 1, "serverConnectionId": 206, "serverHost": "localhost", "serverPort": 27017, "awaited": true, "message": "Server heartbeat started"}
2025-03-11 10:05:09,790 - DEBUG - {"topologyId": {"$oid": "67cffc99f2727d49e4209771"}, "driverConnectionId": 1, "serverConnectionId": 206, "serverHost": "localhost", "serverPort": 27017, "awaited": true, "durationMS": 10000.0, "reply": "{\"isWritablePrimary\": true, \"topologyVersion\": {\"processId\": {\"$oid\": \"67c8e7d3b60fa9fa23bd9bcf\"}}, \"maxBsonObjectSize\": 16777216, \"maxMessageSizeBytes\": 48000000, \"maxWriteBatchSize\": 100000, \"localTime\": {\"$date\": \"2025-03-11T09:05:09.790Z\"}, \"logicalSessionTimeoutMinutes\": 30, \"connectionId\": 206, \"maxWireVersion\": 21, \"ok\": 1.0}", "message": "Server heartbeat succeeded"}
2025-03-11 10:05:09,790 - DEBUG - {"topologyId": {"$oid": "67cffc99f2727d49e4209771"}, "driverConnectionId": 1, "serverConnectionId": 206, "serverHost": "localhost", "serverPort": 27017, "awaited": true, "message": "Server heartbeat started"}
2025-03-11 10:05:19,790 - DEBUG - {"topologyId": {"$oid": "67cffc99f2727d49e4209771"}, "driverConnectionId": 1, "serverConnectionId": 206, "serverHost": "localhost", "serverPort": 27017, "awaited": true, "durationMS": 10000.0, "reply": "{\"isWritablePrimary\": true, \"topologyVersion\": {\"processId\": {\"$oid\": \"67c8e7d3b60fa9fa23bd9bcf\"}}, \"maxBsonObjectSize\": 16777216, \"maxMessageSizeBytes\": 48000000, \"maxWriteBatchSize\": 100000, \"localTime\": {\"$date\": \"2025-03-11T09:05:19.790Z\"}, \"logicalSessionTimeoutMinutes\": 30, \"connectionId\": 206, \"maxWireVersion\": 21, \"ok\": 1.0}", "message": "Server heartbeat succeeded"}
2025-03-11 10:05:19,790 - DEBUG - {"topologyId": {"$oid": "67cffc99f2727d49e4209771"}, "driverConnectionId": 1, "serverConnectionId": 206, "serverHost": "localhost", "serverPort": 27017, "awaited": true, "message": "Server heartbeat started"}
2025-03-11 10:05:29,791 - DEBUG - {"topologyId": {"$oid": "67cffc99f2727d49e4209771"}, "driverConnectionId": 1, "serverConnectionId": 206, "serverHost": "localhost", "serverPort": 27017, "awaited": true, "durationMS": 10000.0, "reply": "{\"isWritablePrimary\": true, \"topologyVersion\": {\"processId\": {\"$oid\": \"67c8e7d3b60fa9fa23bd9bcf\"}}, \"maxBsonObjectSize\": 16777216, \"maxMessageSizeBytes\": 48000000, \"maxWriteBatchSize\": 100000, \"localTime\": {\"$date\": \"2025-03-11T09:05:29.791Z\"}, \"logicalSessionTimeoutMinutes\": 30, \"connectionId\": 206, \"maxWireVersion\": 21, \"ok\": 1.0}", "message": "Server heartbeat succeeded"}
2025-03-11 10:05:29,792 - DEBUG - {"topologyId": {"$oid": "67cffc99f2727d49e4209771"}, "driverConnectionId": 1, "serverConnectionId": 206, "serverHost": "localhost", "serverPort": 27017, "awaited": true, "message": "Server heartbeat started"}
2025-03-11 10:05:39,791 - DEBUG - {"topologyId": {"$oid": "67cffc99f2727d49e4209771"}, "driverConnectionId": 1, "serverConnectionId": 206, "serverHost": "localhost", "serverPort": 27017, "awaited": true, "durationMS": 10000.0, "reply": "{\"isWritablePrimary\": true, \"topologyVersion\": {\"processId\": {\"$oid\": \"67c8e7d3b60fa9fa23bd9bcf\"}}, \"maxBsonObjectSize\": 16777216, \"maxMessageSizeBytes\": 48000000, \"maxWriteBatchSize\": 100000, \"localTime\": {\"$date\": \"2025-03-11T09:05:39.791Z\"}, \"logicalSessionTimeoutMinutes\": 30, \"connectionId\": 206, \"maxWireVersion\": 21, \"ok\": 1.0}", "message": "Server heartbeat succeeded"}
2025-03-11 10:05:39,791 - DEBUG - {"topologyId": {"$oid": "67cffc99f2727d49e4209771"}, "driverConnectionId": 1, "serverConnectionId": 206, "serverHost": "localhost", "serverPort": 27017, "awaited": true, "message": "Server heartbeat started"}
2025-03-11 10:05:49,791 - DEBUG - {"topologyId": {"$oid": "67cffc99f2727d49e4209771"}, "driverConnectionId": 1, "serverConnectionId": 206, "serverHost": "localhost", "serverPort": 27017, "awaited": true, "durationMS": 10000.0, "reply": "{\"isWritablePrimary\": true, \"topologyVersion\": {\"processId\": {\"$oid\": \"67c8e7d3b60fa9fa23bd9bcf\"}}, \"maxBsonObjectSize\": 16777216, \"maxMessageSizeBytes\": 48000000, \"maxWriteBatchSize\": 100000, \"localTime\": {\"$date\": \"2025-03-11T09:05:49.791Z\"}, \"logicalSessionTimeoutMinutes\": 30, \"connectionId\": 206, \"maxWireVersion\": 21, \"ok\": 1.0}", "message": "Server heartbeat succeeded"}
2025-03-11 10:05:49,791 - DEBUG - {"topologyId": {"$oid": "67cffc99f2727d49e4209771"}, "driverConnectionId": 1, "serverConnectionId": 206, "serverHost": "localhost", "serverPort": 27017, "awaited": true, "message": "Server heartbeat started"}
2025-03-11 10:05:59,791 - DEBUG - {"topologyId": {"$oid": "67cffc99f2727d49e4209771"}, "driverConnectionId": 1, "serverConnectionId": 206, "serverHost": "localhost", "serverPort": 27017, "awaited": true, "durationMS": 10000.0, "reply": "{\"isWritablePrimary\": true, \"topologyVersion\": {\"processId\": {\"$oid\": \"67c8e7d3b60fa9fa23bd9bcf\"}}, \"maxBsonObjectSize\": 16777216, \"maxMessageSizeBytes\": 48000000, \"maxWriteBatchSize\": 100000, \"localTime\": {\"$date\": \"2025-03-11T09:05:59.791Z\"}, \"logicalSessionTimeoutMinutes\": 30, \"connectionId\": 206, \"maxWireVersion\": 21, \"ok\": 1.0}", "message": "Server heartbeat succeeded"}
2025-03-11 10:05:59,791 - DEBUG - {"topologyId": {"$oid": "67cffc99f2727d49e4209771"}, "driverConnectionId": 1, "serverConnectionId": 206, "serverHost": "localhost", "serverPort": 27017, "awaited": true, "message": "Server heartbeat started"}
2025-03-11 10:06:04,341 - DEBUG - {"topologyId": {"$oid": "67cffc99f2727d49e4209771"}, "serverHost": "localhost", "serverPort": 27017, "awaited": true, "durationMS": 4547.000000020489, "failure": "\"_OperationCancelled('operation cancelled')\"", "driverConnectionId": 1, "message": "Server heartbeat failed"}
2025-03-11 10:06:05,380 - DEBUG - {"topologyId": {"$oid": "67cffcfd83194f9f5f3d730f"}, "message": "Starting topology monitoring"}
2025-03-11 10:06:05,380 - DEBUG - {"topologyId": {"$oid": "67cffcfd83194f9f5f3d730f"}, "previousDescription": "<TopologyDescription id: 67cffcfd83194f9f5f3d730f, topology_type: Unknown, servers: []>", "newDescription": "<TopologyDescription id: 67cffcfd83194f9f5f3d730f, topology_type: Unknown, servers: [<ServerDescription ('localhost', 27017) server_type: Unknown, rtt: None>]>", "message": "Topology description changed"}
2025-03-11 10:06:05,380 - DEBUG - {"topologyId": {"$oid": "67cffcfd83194f9f5f3d730f"}, "serverHost": "localhost", "serverPort": 27017, "message": "Starting server monitoring"}
2025-03-11 10:06:19,669 - DEBUG - Timestamp for 24 hours ago: 2025-03-10 09:06:19.669852+00:00
2025-03-11 10:06:19,669 - DEBUG - Formatted timestamp for query: 2025-03-10T09:06:19.000Z
2025-03-11 10:06:19,669 - DEBUG - MongoDB query: {'metadata.publishedOn': {'$gte': '2025-03-10T09:06:19.000Z'}}
2025-03-11 10:06:19,670 - DEBUG - {"clientId": {"$oid": "67cffcfd83194f9f5f3d730f"}, "message": "Connection pool created", "serverHost": "localhost", "serverPort": 27017}
2025-03-11 10:06:19,672 - DEBUG - {"message": "Server selection started", "selector": "Primary()", "operation": "find", "topologyDescription": "<TopologyDescription id: 67cffcfd83194f9f5f3d730f, topology_type: Unknown, servers: [<ServerDescription ('localhost', 27017) server_type: Unknown, rtt: None>]>", "clientId": {"$oid": "67cffcfd83194f9f5f3d730f"}}
2025-03-11 10:06:19,672 - DEBUG - {"message": "Waiting for suitable server to become available", "selector": "Primary()", "operation": "find", "topologyDescription": "<TopologyDescription id: 67cffcfd83194f9f5f3d730f, topology_type: Unknown, servers: [<ServerDescription ('localhost', 27017) server_type: Unknown, rtt: None>]>", "clientId": {"$oid": "67cffcfd83194f9f5f3d730f"}, "remainingTimeMS": 30}
2025-03-11 10:06:19,692 - DEBUG - {"topologyId": {"$oid": "67cffcfd83194f9f5f3d730f"}, "driverConnectionId": 1, "serverHost": "localhost", "serverPort": 27017, "awaited": false, "message": "Server heartbeat started"}
2025-03-11 10:06:19,693 - DEBUG - {"topologyId": {"$oid": "67cffcfd83194f9f5f3d730f"}, "driverConnectionId": 1, "serverConnectionId": 209, "serverHost": "localhost", "serverPort": 27017, "awaited": false, "durationMS": 0.0, "reply": "{\"helloOk\": true, \"ismaster\": true, \"topologyVersion\": {\"processId\": {\"$oid\": \"67c8e7d3b60fa9fa23bd9bcf\"}}, \"maxBsonObjectSize\": 16777216, \"maxMessageSizeBytes\": 48000000, \"maxWriteBatchSize\": 100000, \"localTime\": {\"$date\": \"2025-03-11T09:06:19.693Z\"}, \"logicalSessionTimeoutMinutes\": 30, \"connectionId\": 209, \"maxWireVersion\": 21, \"ok\": 1.0}", "message": "Server heartbeat succeeded"}
2025-03-11 10:06:19,693 - DEBUG - {"clientId": {"$oid": "67cffcfd83194f9f5f3d730f"}, "message": "Connection pool ready", "serverHost": "localhost", "serverPort": 27017}
2025-03-11 10:06:19,693 - DEBUG - {"topologyId": {"$oid": "67cffcfd83194f9f5f3d730f"}, "previousDescription": "<TopologyDescription id: 67cffcfd83194f9f5f3d730f, topology_type: Unknown, servers: [<ServerDescription ('localhost', 27017) server_type: Unknown, rtt: None>]>", "newDescription": "<TopologyDescription id: 67cffcfd83194f9f5f3d730f, topology_type: Single, servers: [<ServerDescription ('localhost', 27017) server_type: Standalone, rtt: 0.0>]>", "message": "Topology description changed"}
2025-03-11 10:06:19,694 - DEBUG - {"message": "Server selection succeeded", "selector": "Primary()", "operation": "find", "topologyDescription": "<TopologyDescription id: 67cffcfd83194f9f5f3d730f, topology_type: Single, servers: [<ServerDescription ('localhost', 27017) server_type: Standalone, rtt: 0.0>]>", "clientId": {"$oid": "67cffcfd83194f9f5f3d730f"}, "serverHost": "localhost", "serverPort": 27017}
2025-03-11 10:06:19,694 - DEBUG - {"clientId": {"$oid": "67cffcfd83194f9f5f3d730f"}, "message": "Connection checkout started", "serverHost": "localhost", "serverPort": 27017}
2025-03-11 10:06:19,694 - DEBUG - {"clientId": {"$oid": "67cffcfd83194f9f5f3d730f"}, "message": "Connection created", "serverHost": "localhost", "serverPort": 27017, "driverConnectionId": 1}
2025-03-11 10:06:19,694 - DEBUG - {"topologyId": {"$oid": "67cffcfd83194f9f5f3d730f"}, "driverConnectionId": 1, "serverConnectionId": 209, "serverHost": "localhost", "serverPort": 27017, "awaited": true, "message": "Server heartbeat started"}
2025-03-11 10:06:19,695 - DEBUG - {"clientId": {"$oid": "67cffcfd83194f9f5f3d730f"}, "message": "Connection ready", "serverHost": "localhost", "serverPort": 27017, "driverConnectionId": 1, "durationMS": 0.0}
2025-03-11 10:06:19,695 - DEBUG - {"clientId": {"$oid": "67cffcfd83194f9f5f3d730f"}, "message": "Connection checked out", "serverHost": "localhost", "serverPort": 27017, "driverConnectionId": 1, "durationMS": 0.0}
2025-03-11 10:06:19,695 - DEBUG - {"clientId": {"$oid": "67cffcfd83194f9f5f3d730f"}, "message": "Command started", "command": "{\"find\": \"immo_neuf\", \"filter\": {\"metadata.publishedOn\": {\"$gte\": \"2025-03-10T09:06:19.000Z\"}}, \"lsid\": {\"id\": {\"$binary\": {\"base64\": \"VcBFKdWMQHmEx+TPlbDqCg==\", \"subType\": \"04\"}}}, \"$db\": \"tayara\"}", "commandName": "find", "databaseName": "tayara", "requestId": 18467, "operationId": 18467, "driverConnectionId": 1, "serverConnectionId": 211, "serverHost": "localhost", "serverPort": 27017}
2025-03-11 10:06:19,704 - DEBUG - {"clientId": {"$oid": "67cffcfd83194f9f5f3d730f"}, "message": "Command succeeded", "durationMS": 8.506, "reply": "{\"cursor\": {\"ns\": \"tayara.immo_neuf\"}, \"ok\": 1.0}", "commandName": "find", "databaseName": "tayara", "requestId": 18467, "operationId": 18467, "driverConnectionId": 1, "serverConnectionId": 211, "serverHost": "localhost", "serverPort": 27017}
2025-03-11 10:06:19,704 - DEBUG - {"clientId": {"$oid": "67cffcfd83194f9f5f3d730f"}, "message": "Connection checked in", "serverHost": "localhost", "serverPort": 27017, "driverConnectionId": 1}
2025-03-11 10:06:19,705 - DEBUG - Found 0 new listings
2025-03-11 10:06:19,705 - INFO - No new listings found within the last 24 hours.
2025-03-11 10:06:20,519 - DEBUG - Timestamp for 24 hours ago: 2025-03-10 09:06:20.519662+00:00
2025-03-11 10:06:20,519 - DEBUG - Formatted timestamp for query: 2025-03-10T09:06:20.000Z
2025-03-11 10:06:20,520 - DEBUG - MongoDB query: {'metadata.publishedOn': {'$gte': '2025-03-10T09:06:20.000Z'}}
2025-03-11 10:06:20,520 - DEBUG - {"message": "Server selection started", "selector": "Primary()", "operation": "find", "topologyDescription": "<TopologyDescription id: 67cffcfd83194f9f5f3d730f, topology_type: Single, servers: [<ServerDescription ('localhost', 27017) server_type: Standalone, rtt: 0.0>]>", "clientId": {"$oid": "67cffcfd83194f9f5f3d730f"}}
2025-03-11 10:06:20,520 - DEBUG - {"message": "Server selection succeeded", "selector": "Primary()", "operation": "find", "topologyDescription": "<TopologyDescription id: 67cffcfd83194f9f5f3d730f, topology_type: Single, servers: [<ServerDescription ('localhost', 27017) server_type: Standalone, rtt: 0.0>]>", "clientId": {"$oid": "67cffcfd83194f9f5f3d730f"}, "serverHost": "localhost", "serverPort": 27017}
2025-03-11 10:06:20,520 - DEBUG - {"clientId": {"$oid": "67cffcfd83194f9f5f3d730f"}, "message": "Connection checkout started", "serverHost": "localhost", "serverPort": 27017}
2025-03-11 10:06:20,520 - DEBUG - {"clientId": {"$oid": "67cffcfd83194f9f5f3d730f"}, "message": "Connection checked out", "serverHost": "localhost", "serverPort": 27017, "driverConnectionId": 1, "durationMS": 0.0}
2025-03-11 10:06:20,520 - DEBUG - {"clientId": {"$oid": "67cffcfd83194f9f5f3d730f"}, "message": "Command started", "command": "{\"find\": \"immo_neuf\", \"filter\": {\"metadata.publishedOn\": {\"$gte\": \"2025-03-10T09:06:20.000Z\"}}, \"lsid\": {\"id\": {\"$binary\": {\"base64\": \"VcBFKdWMQHmEx+TPlbDqCg==\", \"subType\": \"04\"}}}, \"$db\": \"tayara\"}", "commandName": "find", "databaseName": "tayara", "requestId": 6334, "operationId": 6334, "driverConnectionId": 1, "serverConnectionId": 211, "serverHost": "localhost", "serverPort": 27017}
2025-03-11 10:06:20,529 - DEBUG - {"clientId": {"$oid": "67cffcfd83194f9f5f3d730f"}, "message": "Command succeeded", "durationMS": 9.029, "reply": "{\"cursor\": {\"ns\": \"tayara.immo_neuf\"}, \"ok\": 1.0}", "commandName": "find", "databaseName": "tayara", "requestId": 6334, "operationId": 6334, "driverConnectionId": 1, "serverConnectionId": 211, "serverHost": "localhost", "serverPort": 27017}
2025-03-11 10:06:20,529 - DEBUG - {"clientId": {"$oid": "67cffcfd83194f9f5f3d730f"}, "message": "Connection checked in", "serverHost": "localhost", "serverPort": 27017, "driverConnectionId": 1}
2025-03-11 10:06:20,529 - DEBUG - Found 0 new listings
2025-03-11 10:06:20,529 - INFO - No new listings found within the last 24 hours.
2025-03-11 10:06:29,695 - DEBUG - {"topologyId": {"$oid": "67cffcfd83194f9f5f3d730f"}, "driverConnectionId": 1, "serverConnectionId": 209, "serverHost": "localhost", "serverPort": 27017, "awaited": true, "durationMS": 10000.0, "reply": "{\"isWritablePrimary\": true, \"topologyVersion\": {\"processId\": {\"$oid\": \"67c8e7d3b60fa9fa23bd9bcf\"}}, \"maxBsonObjectSize\": 16777216, \"maxMessageSizeBytes\": 48000000, \"maxWriteBatchSize\": 100000, \"localTime\": {\"$date\": \"2025-03-11T09:06:29.695Z\"}, \"logicalSessionTimeoutMinutes\": 30, \"connectionId\": 209, \"maxWireVersion\": 21, \"ok\": 1.0}", "message": "Server heartbeat succeeded"}
2025-03-11 10:06:29,695 - DEBUG - {"topologyId": {"$oid": "67cffcfd83194f9f5f3d730f"}, "driverConnectionId": 1, "serverConnectionId": 209, "serverHost": "localhost", "serverPort": 27017, "awaited": true, "message": "Server heartbeat started"}
2025-03-11 10:06:39,696 - DEBUG - {"topologyId": {"$oid": "67cffcfd83194f9f5f3d730f"}, "driverConnectionId": 1, "serverConnectionId": 209, "serverHost": "localhost", "serverPort": 27017, "awaited": true, "durationMS": 10000.0, "reply": "{\"isWritablePrimary\": true, \"topologyVersion\": {\"processId\": {\"$oid\": \"67c8e7d3b60fa9fa23bd9bcf\"}}, \"maxBsonObjectSize\": 16777216, \"maxMessageSizeBytes\": 48000000, \"maxWriteBatchSize\": 100000, \"localTime\": {\"$date\": \"2025-03-11T09:06:39.696Z\"}, \"logicalSessionTimeoutMinutes\": 30, \"connectionId\": 209, \"maxWireVersion\": 21, \"ok\": 1.0}", "message": "Server heartbeat succeeded"}
2025-03-11 10:06:39,696 - DEBUG - {"topologyId": {"$oid": "67cffcfd83194f9f5f3d730f"}, "driverConnectionId": 1, "serverConnectionId": 209, "serverHost": "localhost", "serverPort": 27017, "awaited": true, "message": "Server heartbeat started"}
2025-03-11 10:06:49,696 - DEBUG - {"topologyId": {"$oid": "67cffcfd83194f9f5f3d730f"}, "driverConnectionId": 1, "serverConnectionId": 209, "serverHost": "localhost", "serverPort": 27017, "awaited": true, "durationMS": 10000.0, "reply": "{\"isWritablePrimary\": true, \"topologyVersion\": {\"processId\": {\"$oid\": \"67c8e7d3b60fa9fa23bd9bcf\"}}, \"maxBsonObjectSize\": 16777216, \"maxMessageSizeBytes\": 48000000, \"maxWriteBatchSize\": 100000, \"localTime\": {\"$date\": \"2025-03-11T09:06:49.697Z\"}, \"logicalSessionTimeoutMinutes\": 30, \"connectionId\": 209, \"maxWireVersion\": 21, \"ok\": 1.0}", "message": "Server heartbeat succeeded"}
2025-03-11 10:06:49,696 - DEBUG - {"topologyId": {"$oid": "67cffcfd83194f9f5f3d730f"}, "driverConnectionId": 1, "serverConnectionId": 209, "serverHost": "localhost", "serverPort": 27017, "awaited": true, "message": "Server heartbeat started"}
2025-03-11 10:06:59,697 - DEBUG - {"topologyId": {"$oid": "67cffcfd83194f9f5f3d730f"}, "driverConnectionId": 1, "serverConnectionId": 209, "serverHost": "localhost", "serverPort": 27017, "awaited": true, "durationMS": 10000.0, "reply": "{\"isWritablePrimary\": true, \"topologyVersion\": {\"processId\": {\"$oid\": \"67c8e7d3b60fa9fa23bd9bcf\"}}, \"maxBsonObjectSize\": 16777216, \"maxMessageSizeBytes\": 48000000, \"maxWriteBatchSize\": 100000, \"localTime\": {\"$date\": \"2025-03-11T09:06:59.697Z\"}, \"logicalSessionTimeoutMinutes\": 30, \"connectionId\": 209, \"maxWireVersion\": 21, \"ok\": 1.0}", "message": "Server heartbeat succeeded"}
2025-03-11 10:06:59,698 - DEBUG - {"topologyId": {"$oid": "67cffcfd83194f9f5f3d730f"}, "driverConnectionId": 1, "serverConnectionId": 209, "serverHost": "localhost", "serverPort": 27017, "awaited": true, "message": "Server heartbeat started"}
2025-03-11 10:07:09,698 - DEBUG - {"topologyId": {"$oid": "67cffcfd83194f9f5f3d730f"}, "driverConnectionId": 1, "serverConnectionId": 209, "serverHost": "localhost", "serverPort": 27017, "awaited": true, "durationMS": 10000.0, "reply": "{\"isWritablePrimary\": true, \"topologyVersion\": {\"processId\": {\"$oid\": \"67c8e7d3b60fa9fa23bd9bcf\"}}, \"maxBsonObjectSize\": 16777216, \"maxMessageSizeBytes\": 48000000, \"maxWriteBatchSize\": 100000, \"localTime\": {\"$date\": \"2025-03-11T09:07:09.698Z\"}, \"logicalSessionTimeoutMinutes\": 30, \"connectionId\": 209, \"maxWireVersion\": 21, \"ok\": 1.0}", "message": "Server heartbeat succeeded"}
2025-03-11 10:07:09,698 - DEBUG - {"topologyId": {"$oid": "67cffcfd83194f9f5f3d730f"}, "driverConnectionId": 1, "serverConnectionId": 209, "serverHost": "localhost", "serverPort": 27017, "awaited": true, "message": "Server heartbeat started"}
2025-03-11 10:07:19,699 - DEBUG - {"topologyId": {"$oid": "67cffcfd83194f9f5f3d730f"}, "driverConnectionId": 1, "serverConnectionId": 209, "serverHost": "localhost", "serverPort": 27017, "awaited": true, "durationMS": 10000.0, "reply": "{\"isWritablePrimary\": true, \"topologyVersion\": {\"processId\": {\"$oid\": \"67c8e7d3b60fa9fa23bd9bcf\"}}, \"maxBsonObjectSize\": 16777216, \"maxMessageSizeBytes\": 48000000, \"maxWriteBatchSize\": 100000, \"localTime\": {\"$date\": \"2025-03-11T09:07:19.699Z\"}, \"logicalSessionTimeoutMinutes\": 30, \"connectionId\": 209, \"maxWireVersion\": 21, \"ok\": 1.0}", "message": "Server heartbeat succeeded"}
2025-03-11 10:07:19,699 - DEBUG - {"topologyId": {"$oid": "67cffcfd83194f9f5f3d730f"}, "driverConnectionId": 1, "serverConnectionId": 209, "serverHost": "localhost", "serverPort": 27017, "awaited": true, "message": "Server heartbeat started"}
2025-03-11 10:07:29,698 - DEBUG - {"topologyId": {"$oid": "67cffcfd83194f9f5f3d730f"}, "driverConnectionId": 1, "serverConnectionId": 209, "serverHost": "localhost", "serverPort": 27017, "awaited": true, "durationMS": 10000.0, "reply": "{\"isWritablePrimary\": true, \"topologyVersion\": {\"processId\": {\"$oid\": \"67c8e7d3b60fa9fa23bd9bcf\"}}, \"maxBsonObjectSize\": 16777216, \"maxMessageSizeBytes\": 48000000, \"maxWriteBatchSize\": 100000, \"localTime\": {\"$date\": \"2025-03-11T09:07:29.699Z\"}, \"logicalSessionTimeoutMinutes\": 30, \"connectionId\": 209, \"maxWireVersion\": 21, \"ok\": 1.0}", "message": "Server heartbeat succeeded"}
2025-03-11 10:07:29,699 - DEBUG - {"topologyId": {"$oid": "67cffcfd83194f9f5f3d730f"}, "driverConnectionId": 1, "serverConnectionId": 209, "serverHost": "localhost", "serverPort": 27017, "awaited": true, "message": "Server heartbeat started"}
2025-03-11 10:07:39,699 - DEBUG - {"topologyId": {"$oid": "67cffcfd83194f9f5f3d730f"}, "driverConnectionId": 1, "serverConnectionId": 209, "serverHost": "localhost", "serverPort": 27017, "awaited": true, "durationMS": 10000.0, "reply": "{\"isWritablePrimary\": true, \"topologyVersion\": {\"processId\": {\"$oid\": \"67c8e7d3b60fa9fa23bd9bcf\"}}, \"maxBsonObjectSize\": 16777216, \"maxMessageSizeBytes\": 48000000, \"maxWriteBatchSize\": 100000, \"localTime\": {\"$date\": \"2025-03-11T09:07:39.699Z\"}, \"logicalSessionTimeoutMinutes\": 30, \"connectionId\": 209, \"maxWireVersion\": 21, \"ok\": 1.0}", "message": "Server heartbeat succeeded"}
2025-03-11 10:07:39,699 - DEBUG - {"topologyId": {"$oid": "67cffcfd83194f9f5f3d730f"}, "driverConnectionId": 1, "serverConnectionId": 209, "serverHost": "localhost", "serverPort": 27017, "awaited": true, "message": "Server heartbeat started"}
2025-03-11 10:07:49,699 - DEBUG - {"topologyId": {"$oid": "67cffcfd83194f9f5f3d730f"}, "driverConnectionId": 1, "serverConnectionId": 209, "serverHost": "localhost", "serverPort": 27017, "awaited": true, "durationMS": 10000.0, "reply": "{\"isWritablePrimary\": true, \"topologyVersion\": {\"processId\": {\"$oid\": \"67c8e7d3b60fa9fa23bd9bcf\"}}, \"maxBsonObjectSize\": 16777216, \"maxMessageSizeBytes\": 48000000, \"maxWriteBatchSize\": 100000, \"localTime\": {\"$date\": \"2025-03-11T09:07:49.699Z\"}, \"logicalSessionTimeoutMinutes\": 30, \"connectionId\": 209, \"maxWireVersion\": 21, \"ok\": 1.0}", "message": "Server heartbeat succeeded"}
2025-03-11 10:07:49,699 - DEBUG - {"topologyId": {"$oid": "67cffcfd83194f9f5f3d730f"}, "driverConnectionId": 1, "serverConnectionId": 209, "serverHost": "localhost", "serverPort": 27017, "awaited": true, "message": "Server heartbeat started"}
2025-03-11 10:07:59,701 - DEBUG - {"topologyId": {"$oid": "67cffcfd83194f9f5f3d730f"}, "driverConnectionId": 1, "serverConnectionId": 209, "serverHost": "localhost", "serverPort": 27017, "awaited": true, "durationMS": 10000.0, "reply": "{\"isWritablePrimary\": true, \"topologyVersion\": {\"processId\": {\"$oid\": \"67c8e7d3b60fa9fa23bd9bcf\"}}, \"maxBsonObjectSize\": 16777216, \"maxMessageSizeBytes\": 48000000, \"maxWriteBatchSize\": 100000, \"localTime\": {\"$date\": \"2025-03-11T09:07:59.701Z\"}, \"logicalSessionTimeoutMinutes\": 30, \"connectionId\": 209, \"maxWireVersion\": 21, \"ok\": 1.0}", "message": "Server heartbeat succeeded"}
2025-03-11 10:07:59,701 - DEBUG - {"topologyId": {"$oid": "67cffcfd83194f9f5f3d730f"}, "driverConnectionId": 1, "serverConnectionId": 209, "serverHost": "localhost", "serverPort": 27017, "awaited": true, "message": "Server heartbeat started"}
2025-03-11 10:08:09,701 - DEBUG - {"topologyId": {"$oid": "67cffcfd83194f9f5f3d730f"}, "driverConnectionId": 1, "serverConnectionId": 209, "serverHost": "localhost", "serverPort": 27017, "awaited": true, "durationMS": 10000.0, "reply": "{\"isWritablePrimary\": true, \"topologyVersion\": {\"processId\": {\"$oid\": \"67c8e7d3b60fa9fa23bd9bcf\"}}, \"maxBsonObjectSize\": 16777216, \"maxMessageSizeBytes\": 48000000, \"maxWriteBatchSize\": 100000, \"localTime\": {\"$date\": \"2025-03-11T09:08:09.701Z\"}, \"logicalSessionTimeoutMinutes\": 30, \"connectionId\": 209, \"maxWireVersion\": 21, \"ok\": 1.0}", "message": "Server heartbeat succeeded"}
2025-03-11 10:08:09,701 - DEBUG - {"topologyId": {"$oid": "67cffcfd83194f9f5f3d730f"}, "driverConnectionId": 1, "serverConnectionId": 209, "serverHost": "localhost", "serverPort": 27017, "awaited": true, "message": "Server heartbeat started"}
2025-03-11 10:08:19,701 - DEBUG - {"topologyId": {"$oid": "67cffcfd83194f9f5f3d730f"}, "driverConnectionId": 1, "serverConnectionId": 209, "serverHost": "localhost", "serverPort": 27017, "awaited": true, "durationMS": 10000.0, "reply": "{\"isWritablePrimary\": true, \"topologyVersion\": {\"processId\": {\"$oid\": \"67c8e7d3b60fa9fa23bd9bcf\"}}, \"maxBsonObjectSize\": 16777216, \"maxMessageSizeBytes\": 48000000, \"maxWriteBatchSize\": 100000, \"localTime\": {\"$date\": \"2025-03-11T09:08:19.701Z\"}, \"logicalSessionTimeoutMinutes\": 30, \"connectionId\": 209, \"maxWireVersion\": 21, \"ok\": 1.0}", "message": "Server heartbeat succeeded"}
2025-03-11 10:08:19,701 - DEBUG - {"topologyId": {"$oid": "67cffcfd83194f9f5f3d730f"}, "driverConnectionId": 1, "serverConnectionId": 209, "serverHost": "localhost", "serverPort": 27017, "awaited": true, "message": "Server heartbeat started"}
2025-03-11 10:08:29,702 - DEBUG - {"topologyId": {"$oid": "67cffcfd83194f9f5f3d730f"}, "driverConnectionId": 1, "serverConnectionId": 209, "serverHost": "localhost", "serverPort": 27017, "awaited": true, "durationMS": 10000.0, "reply": "{\"isWritablePrimary\": true, \"topologyVersion\": {\"processId\": {\"$oid\": \"67c8e7d3b60fa9fa23bd9bcf\"}}, \"maxBsonObjectSize\": 16777216, \"maxMessageSizeBytes\": 48000000, \"maxWriteBatchSize\": 100000, \"localTime\": {\"$date\": \"2025-03-11T09:08:29.702Z\"}, \"logicalSessionTimeoutMinutes\": 30, \"connectionId\": 209, \"maxWireVersion\": 21, \"ok\": 1.0}", "message": "Server heartbeat succeeded"}
2025-03-11 10:08:29,702 - DEBUG - {"topologyId": {"$oid": "67cffcfd83194f9f5f3d730f"}, "driverConnectionId": 1, "serverConnectionId": 209, "serverHost": "localhost", "serverPort": 27017, "awaited": true, "message": "Server heartbeat started"}
2025-03-11 10:08:39,703 - DEBUG - {"topologyId": {"$oid": "67cffcfd83194f9f5f3d730f"}, "driverConnectionId": 1, "serverConnectionId": 209, "serverHost": "localhost", "serverPort": 27017, "awaited": true, "durationMS": 10000.0, "reply": "{\"isWritablePrimary\": true, \"topologyVersion\": {\"processId\": {\"$oid\": \"67c8e7d3b60fa9fa23bd9bcf\"}}, \"maxBsonObjectSize\": 16777216, \"maxMessageSizeBytes\": 48000000, \"maxWriteBatchSize\": 100000, \"localTime\": {\"$date\": \"2025-03-11T09:08:39.703Z\"}, \"logicalSessionTimeoutMinutes\": 30, \"connectionId\": 209, \"maxWireVersion\": 21, \"ok\": 1.0}", "message": "Server heartbeat succeeded"}
2025-03-11 10:08:39,703 - DEBUG - {"topologyId": {"$oid": "67cffcfd83194f9f5f3d730f"}, "driverConnectionId": 1, "serverConnectionId": 209, "serverHost": "localhost", "serverPort": 27017, "awaited": true, "message": "Server heartbeat started"}
2025-03-11 10:08:49,703 - DEBUG - {"topologyId": {"$oid": "67cffcfd83194f9f5f3d730f"}, "driverConnectionId": 1, "serverConnectionId": 209, "serverHost": "localhost", "serverPort": 27017, "awaited": true, "durationMS": 10000.0, "reply": "{\"isWritablePrimary\": true, \"topologyVersion\": {\"processId\": {\"$oid\": \"67c8e7d3b60fa9fa23bd9bcf\"}}, \"maxBsonObjectSize\": 16777216, \"maxMessageSizeBytes\": 48000000, \"maxWriteBatchSize\": 100000, \"localTime\": {\"$date\": \"2025-03-11T09:08:49.704Z\"}, \"logicalSessionTimeoutMinutes\": 30, \"connectionId\": 209, \"maxWireVersion\": 21, \"ok\": 1.0}", "message": "Server heartbeat succeeded"}
2025-03-11 10:08:49,703 - DEBUG - {"topologyId": {"$oid": "67cffcfd83194f9f5f3d730f"}, "driverConnectionId": 1, "serverConnectionId": 209, "serverHost": "localhost", "serverPort": 27017, "awaited": true, "message": "Server heartbeat started"}
2025-03-11 10:08:59,705 - DEBUG - {"topologyId": {"$oid": "67cffcfd83194f9f5f3d730f"}, "driverConnectionId": 1, "serverConnectionId": 209, "serverHost": "localhost", "serverPort": 27017, "awaited": true, "durationMS": 10000.0, "reply": "{\"isWritablePrimary\": true, \"topologyVersion\": {\"processId\": {\"$oid\": \"67c8e7d3b60fa9fa23bd9bcf\"}}, \"maxBsonObjectSize\": 16777216, \"maxMessageSizeBytes\": 48000000, \"maxWriteBatchSize\": 100000, \"localTime\": {\"$date\": \"2025-03-11T09:08:59.705Z\"}, \"logicalSessionTimeoutMinutes\": 30, \"connectionId\": 209, \"maxWireVersion\": 21, \"ok\": 1.0}", "message": "Server heartbeat succeeded"}
2025-03-11 10:08:59,705 - DEBUG - {"topologyId": {"$oid": "67cffcfd83194f9f5f3d730f"}, "driverConnectionId": 1, "serverConnectionId": 209, "serverHost": "localhost", "serverPort": 27017, "awaited": true, "message": "Server heartbeat started"}
2025-03-11 10:09:09,707 - DEBUG - {"topologyId": {"$oid": "67cffcfd83194f9f5f3d730f"}, "driverConnectionId": 1, "serverConnectionId": 209, "serverHost": "localhost", "serverPort": 27017, "awaited": true, "durationMS": 10016.00000000326, "reply": "{\"isWritablePrimary\": true, \"topologyVersion\": {\"processId\": {\"$oid\": \"67c8e7d3b60fa9fa23bd9bcf\"}}, \"maxBsonObjectSize\": 16777216, \"maxMessageSizeBytes\": 48000000, \"maxWriteBatchSize\": 100000, \"localTime\": {\"$date\": \"2025-03-11T09:09:09.707Z\"}, \"logicalSessionTimeoutMinutes\": 30, \"connectionId\": 209, \"maxWireVersion\": 21, \"ok\": 1.0}", "message": "Server heartbeat succeeded"}
2025-03-11 10:09:09,707 - DEBUG - {"topologyId": {"$oid": "67cffcfd83194f9f5f3d730f"}, "driverConnectionId": 1, "serverConnectionId": 209, "serverHost": "localhost", "serverPort": 27017, "awaited": true, "message": "Server heartbeat started"}
2025-03-11 10:09:19,708 - DEBUG - {"topologyId": {"$oid": "67cffcfd83194f9f5f3d730f"}, "driverConnectionId": 1, "serverConnectionId": 209, "serverHost": "localhost", "serverPort": 27017, "awaited": true, "durationMS": 10000.0, "reply": "{\"isWritablePrimary\": true, \"topologyVersion\": {\"processId\": {\"$oid\": \"67c8e7d3b60fa9fa23bd9bcf\"}}, \"maxBsonObjectSize\": 16777216, \"maxMessageSizeBytes\": 48000000, \"maxWriteBatchSize\": 100000, \"localTime\": {\"$date\": \"2025-03-11T09:09:19.708Z\"}, \"logicalSessionTimeoutMinutes\": 30, \"connectionId\": 209, \"maxWireVersion\": 21, \"ok\": 1.0}", "message": "Server heartbeat succeeded"}
2025-03-11 10:09:19,709 - DEBUG - {"topologyId": {"$oid": "67cffcfd83194f9f5f3d730f"}, "driverConnectionId": 1, "serverConnectionId": 209, "serverHost": "localhost", "serverPort": 27017, "awaited": true, "message": "Server heartbeat started"}
2025-03-11 10:09:29,709 - DEBUG - {"topologyId": {"$oid": "67cffcfd83194f9f5f3d730f"}, "driverConnectionId": 1, "serverConnectionId": 209, "serverHost": "localhost", "serverPort": 27017, "awaited": true, "durationMS": 10000.0, "reply": "{\"isWritablePrimary\": true, \"topologyVersion\": {\"processId\": {\"$oid\": \"67c8e7d3b60fa9fa23bd9bcf\"}}, \"maxBsonObjectSize\": 16777216, \"maxMessageSizeBytes\": 48000000, \"maxWriteBatchSize\": 100000, \"localTime\": {\"$date\": \"2025-03-11T09:09:29.709Z\"}, \"logicalSessionTimeoutMinutes\": 30, \"connectionId\": 209, \"maxWireVersion\": 21, \"ok\": 1.0}", "message": "Server heartbeat succeeded"}
2025-03-11 10:09:29,709 - DEBUG - {"topologyId": {"$oid": "67cffcfd83194f9f5f3d730f"}, "driverConnectionId": 1, "serverConnectionId": 209, "serverHost": "localhost", "serverPort": 27017, "awaited": true, "message": "Server heartbeat started"}
2025-03-11 10:09:39,710 - DEBUG - {"topologyId": {"$oid": "67cffcfd83194f9f5f3d730f"}, "driverConnectionId": 1, "serverConnectionId": 209, "serverHost": "localhost", "serverPort": 27017, "awaited": true, "durationMS": 10000.0, "reply": "{\"isWritablePrimary\": true, \"topologyVersion\": {\"processId\": {\"$oid\": \"67c8e7d3b60fa9fa23bd9bcf\"}}, \"maxBsonObjectSize\": 16777216, \"maxMessageSizeBytes\": 48000000, \"maxWriteBatchSize\": 100000, \"localTime\": {\"$date\": \"2025-03-11T09:09:39.710Z\"}, \"logicalSessionTimeoutMinutes\": 30, \"connectionId\": 209, \"maxWireVersion\": 21, \"ok\": 1.0}", "message": "Server heartbeat succeeded"}
2025-03-11 10:09:39,710 - DEBUG - {"topologyId": {"$oid": "67cffcfd83194f9f5f3d730f"}, "driverConnectionId": 1, "serverConnectionId": 209, "serverHost": "localhost", "serverPort": 27017, "awaited": true, "message": "Server heartbeat started"}
2025-03-11 10:09:44,788 - DEBUG - {"topologyId": {"$oid": "67cffcfd83194f9f5f3d730f"}, "serverHost": "localhost", "serverPort": 27017, "awaited": true, "durationMS": 5077.999999979511, "failure": "\"_OperationCancelled('operation cancelled')\"", "driverConnectionId": 1, "message": "Server heartbeat failed"}
2025-03-11 10:09:45,799 - DEBUG - {"topologyId": {"$oid": "67cffdd920bc91834cb8bf1e"}, "message": "Starting topology monitoring"}
2025-03-11 10:09:45,800 - DEBUG - {"topologyId": {"$oid": "67cffdd920bc91834cb8bf1e"}, "previousDescription": "<TopologyDescription id: 67cffdd920bc91834cb8bf1e, topology_type: Unknown, servers: []>", "newDescription": "<TopologyDescription id: 67cffdd920bc91834cb8bf1e, topology_type: Unknown, servers: [<ServerDescription ('localhost', 27017) server_type: Unknown, rtt: None>]>", "message": "Topology description changed"}
2025-03-11 10:09:45,800 - DEBUG - {"topologyId": {"$oid": "67cffdd920bc91834cb8bf1e"}, "serverHost": "localhost", "serverPort": 27017, "message": "Starting server monitoring"}
2025-03-11 10:09:47,530 - DEBUG - Timestamp for 24 hours ago: 2025-03-10 09:09:47.530209+00:00
2025-03-11 10:09:47,530 - DEBUG - Formatted timestamp for query: 2025-03-10T09:09:47.000Z
2025-03-11 10:09:47,530 - DEBUG - MongoDB query: {'metadata.publishedOn': {'$gte': '2025-03-09T00:00:00.000Z'}}
2025-03-11 10:09:47,531 - DEBUG - {"clientId": {"$oid": "67cffdd920bc91834cb8bf1e"}, "message": "Connection pool created", "serverHost": "localhost", "serverPort": 27017}
2025-03-11 10:09:47,532 - DEBUG - {"message": "Server selection started", "selector": "Primary()", "operation": "find", "topologyDescription": "<TopologyDescription id: 67cffdd920bc91834cb8bf1e, topology_type: Unknown, servers: [<ServerDescription ('localhost', 27017) server_type: Unknown, rtt: None>]>", "clientId": {"$oid": "67cffdd920bc91834cb8bf1e"}}
2025-03-11 10:09:47,532 - DEBUG - {"message": "Waiting for suitable server to become available", "selector": "Primary()", "operation": "find", "topologyDescription": "<TopologyDescription id: 67cffdd920bc91834cb8bf1e, topology_type: Unknown, servers: [<ServerDescription ('localhost', 27017) server_type: Unknown, rtt: None>]>", "clientId": {"$oid": "67cffdd920bc91834cb8bf1e"}, "remainingTimeMS": 30}
2025-03-11 10:09:47,534 - DEBUG - {"topologyId": {"$oid": "67cffdd920bc91834cb8bf1e"}, "driverConnectionId": 1, "serverHost": "localhost", "serverPort": 27017, "awaited": false, "message": "Server heartbeat started"}
2025-03-11 10:09:47,534 - DEBUG - {"topologyId": {"$oid": "67cffdd920bc91834cb8bf1e"}, "driverConnectionId": 1, "serverConnectionId": 212, "serverHost": "localhost", "serverPort": 27017, "awaited": false, "durationMS": 0.0, "reply": "{\"helloOk\": true, \"ismaster\": true, \"topologyVersion\": {\"processId\": {\"$oid\": \"67c8e7d3b60fa9fa23bd9bcf\"}}, \"maxBsonObjectSize\": 16777216, \"maxMessageSizeBytes\": 48000000, \"maxWriteBatchSize\": 100000, \"localTime\": {\"$date\": \"2025-03-11T09:09:47.535Z\"}, \"logicalSessionTimeoutMinutes\": 30, \"connectionId\": 212, \"maxWireVersion\": 21, \"ok\": 1.0}", "message": "Server heartbeat succeeded"}
2025-03-11 10:09:47,535 - DEBUG - {"clientId": {"$oid": "67cffdd920bc91834cb8bf1e"}, "message": "Connection pool ready", "serverHost": "localhost", "serverPort": 27017}
2025-03-11 10:09:47,535 - DEBUG - {"topologyId": {"$oid": "67cffdd920bc91834cb8bf1e"}, "previousDescription": "<TopologyDescription id: 67cffdd920bc91834cb8bf1e, topology_type: Unknown, servers: [<ServerDescription ('localhost', 27017) server_type: Unknown, rtt: None>]>", "newDescription": "<TopologyDescription id: 67cffdd920bc91834cb8bf1e, topology_type: Single, servers: [<ServerDescription ('localhost', 27017) server_type: Standalone, rtt: 0.0>]>", "message": "Topology description changed"}
2025-03-11 10:09:47,535 - DEBUG - {"message": "Server selection succeeded", "selector": "Primary()", "operation": "find", "topologyDescription": "<TopologyDescription id: 67cffdd920bc91834cb8bf1e, topology_type: Single, servers: [<ServerDescription ('localhost', 27017) server_type: Standalone, rtt: 0.0>]>", "clientId": {"$oid": "67cffdd920bc91834cb8bf1e"}, "serverHost": "localhost", "serverPort": 27017}
2025-03-11 10:09:47,535 - DEBUG - {"topologyId": {"$oid": "67cffdd920bc91834cb8bf1e"}, "driverConnectionId": 1, "serverConnectionId": 212, "serverHost": "localhost", "serverPort": 27017, "awaited": true, "message": "Server heartbeat started"}
2025-03-11 10:09:47,535 - DEBUG - {"clientId": {"$oid": "67cffdd920bc91834cb8bf1e"}, "message": "Connection checkout started", "serverHost": "localhost", "serverPort": 27017}
2025-03-11 10:09:47,536 - DEBUG - {"clientId": {"$oid": "67cffdd920bc91834cb8bf1e"}, "message": "Connection created", "serverHost": "localhost", "serverPort": 27017, "driverConnectionId": 1}
2025-03-11 10:09:47,553 - DEBUG - {"clientId": {"$oid": "67cffdd920bc91834cb8bf1e"}, "message": "Connection ready", "serverHost": "localhost", "serverPort": 27017, "driverConnectionId": 1, "durationMS": 0.0}
2025-03-11 10:09:47,553 - DEBUG - {"clientId": {"$oid": "67cffdd920bc91834cb8bf1e"}, "message": "Connection checked out", "serverHost": "localhost", "serverPort": 27017, "driverConnectionId": 1, "durationMS": 0.015000000013969839}
2025-03-11 10:09:47,554 - DEBUG - {"clientId": {"$oid": "67cffdd920bc91834cb8bf1e"}, "message": "Command started", "command": "{\"find\": \"immo_neuf\", \"filter\": {\"metadata.publishedOn\": {\"$gte\": \"2025-03-09T00:00:00.000Z\"}}, \"lsid\": {\"id\": {\"$binary\": {\"base64\": \"orNatTSwR8mC6tS+7Td+sw==\", \"subType\": \"04\"}}}, \"$db\": \"tayara\"}", "commandName": "find", "databaseName": "tayara", "requestId": 18467, "operationId": 18467, "driverConnectionId": 1, "serverConnectionId": 214, "serverHost": "localhost", "serverPort": 27017}
2025-03-11 10:09:47,556 - DEBUG - {"clientId": {"$oid": "67cffdd920bc91834cb8bf1e"}, "message": "Command succeeded", "durationMS": 1.399, "reply": "{\"cursor\": {\"firstBatch\": [{\"id\": \"67cc0a7993928ac5bc191385\", \"title\": \"\u00c0 \ud835\udc2f\ud835\udc1e\ud835\udc27\ud835\udc1d\ud835\udc2b\ud835\udc1e \ud835\udc2e\ud835\udc27 \ud835\udc1a\ud835\udc29\ud835\udc29\ud835\udc1a\ud835\udc2b\ud835\udc2d\ud835\udc1e\ud835\udc26\ud835\udc1e\ud835\udc27\ud835\udc2d \ud835\udc12+\ud835\udfd0  \u00e0 \ud835\uddd4\ud835\uddd9\ud835\udddb \ud835\udc0c\ud835\udc2b\ud835\udc1e\ud835\udc33\ud835\udc20\ud835\udc1a\", \"images\": [\"https://cdn.tayara.tn/b5/b5d3b287-1aef-4e46-a9e9-20ed1507cd17\", \"https://cdn.tayara.tn/9b/9b4170ea-8632-4925-b98f-8e30eaa1f792\", \"https://cdn.tayara.tn/83/8317040f-6a6a-4da1-aeec-83154e36b82d\", \"https://cdn.tayara.tn/f6/f6af5fb8-0092-4e02-8b40-c9bc3f319071\", \"https://cdn.tayara.tn/42/427ed5ef-0eeb-4740-8ac6-3723cc3ed5cf\", \"https://cdn.tayara.tn/a7/a73eaacb-d0f9-4db6-9c82-7e8f3ab210ea\"], \"description\": \"\u00c0 \ud835\udc2f\ud835\udc1e\ud835\udc27\ud835\udc1d\ud835\udc2b\ud835\udc1e \ud835\udc2e\ud835\udc27 \ud835\udc1a\ud835...", "commandName": "find", "databaseName": "tayara", "requestId": 18467, "operationId": 18467, "driverConnectionId": 1, "serverConnectionId": 214, "serverHost": "localhost", "serverPort": 27017}
2025-03-11 10:09:47,558 - DEBUG - {"clientId": {"$oid": "67cffdd920bc91834cb8bf1e"}, "message": "Connection checked in", "serverHost": "localhost", "serverPort": 27017, "driverConnectionId": 1}
2025-03-11 10:09:47,558 - DEBUG - {"message": "Server selection started", "selector": "<function any_server_selector at 0x000002AF6EE0B7E0>", "operation": "getMore", "topologyDescription": "<TopologyDescription id: 67cffdd920bc91834cb8bf1e, topology_type: Single, servers: [<ServerDescription ('localhost', 27017) server_type: Standalone, rtt: 0.0>]>", "clientId": {"$oid": "67cffdd920bc91834cb8bf1e"}}
2025-03-11 10:09:47,558 - DEBUG - {"message": "Server selection succeeded", "selector": "<function any_server_selector at 0x000002AF6EE0B7E0>", "operation": "getMore", "topologyDescription": "<TopologyDescription id: 67cffdd920bc91834cb8bf1e, topology_type: Single, servers: [<ServerDescription ('localhost', 27017) server_type: Standalone, rtt: 0.0>]>", "clientId": {"$oid": "67cffdd920bc91834cb8bf1e"}, "serverHost": "localhost", "serverPort": 27017}
2025-03-11 10:09:47,558 - DEBUG - {"clientId": {"$oid": "67cffdd920bc91834cb8bf1e"}, "message": "Connection checkout started", "serverHost": "localhost", "serverPort": 27017}
2025-03-11 10:09:47,559 - DEBUG - {"clientId": {"$oid": "67cffdd920bc91834cb8bf1e"}, "message": "Connection checked out", "serverHost": "localhost", "serverPort": 27017, "driverConnectionId": 1, "durationMS": 0.0}
2025-03-11 10:09:47,559 - DEBUG - {"clientId": {"$oid": "67cffdd920bc91834cb8bf1e"}, "message": "Command started", "command": "{\"getMore\": 4410804500991109292, \"collection\": \"immo_neuf\", \"lsid\": {\"id\": {\"$binary\": {\"base64\": \"orNatTSwR8mC6tS+7Td+sw==\", \"subType\": \"04\"}}}, \"$db\": \"tayara\"}", "commandName": "getMore", "databaseName": "tayara", "requestId": 6334, "operationId": 6334, "driverConnectionId": 1, "serverConnectionId": 214, "serverHost": "localhost", "serverPort": 27017}
2025-03-11 10:09:47,570 - DEBUG - {"clientId": {"$oid": "67cffdd920bc91834cb8bf1e"}, "message": "Command succeeded", "durationMS": 11.018, "reply": "{\"cursor\": {\"nextBatch\": [{\"id\": \"67cd946bc68ce6b553998e70\", \"title\": \"\ud83d\udce2 \u00c0 LOUER \u2013 S+1 HAUT STANDING \u00c0 L\u2019AOUINA \ud83d\udce2\", \"images\": [\"https://cdn.tayara.tn/ad/adab7032-9345-42e1-8ea9-4e6d2b7dde1f\", \"https://cdn.tayara.tn/af/af49198d-3254-43eb-95e9-44a051408e59\", \"https://cdn.tayara.tn/47/4746db23-01fa-4789-8450-d653090d2446\", \"https://cdn.tayara.tn/16/1693432f-bc63-45b6-92b8-df1405f01477\", \"https://cdn.tayara.tn/32/32979c39-cbcd-4df1-b77a-28b555ddb01c\", \"https://cdn.tayara.tn/e6/e6f1e4cc-e9d8-497b-93e6-23644b8fdc0b\", \"https://cdn.tayara.tn/d3/d36c1cfa-3350-4b8a-9b74-88b385747d88\", \"https://cdn.tayara.tn/ff/ff8a4780-9b5a-49b2-a478-3410e12ec120\", \"https://cdn.tayara.tn/1f/1ff045c9-a55e-4bcf-8a29-8e4aee3cfded\", \"https://cdn.tayara.tn/12/12bcfe34-4e9a-4eb9-b1f8-f468df95f496\", \"https://cdn.tayara.tn/0f/0f653ebb-a2bc-417c-b703-90abc75a129b\", \"https://cdn.tayara.tn/6d/6de43575-a387-454f-87d5-51dc5b53d883\"], \"description\": \"\ud83c\udfe0 Superbe appartement S...", "commandName": "getMore", "databaseName": "tayara", "requestId": 6334, "operationId": 6334, "driverConnectionId": 1, "serverConnectionId": 214, "serverHost": "localhost", "serverPort": 27017}
2025-03-11 10:09:47,570 - DEBUG - {"clientId": {"$oid": "67cffdd920bc91834cb8bf1e"}, "message": "Connection checked in", "serverHost": "localhost", "serverPort": 27017, "driverConnectionId": 1}
2025-03-11 10:09:47,571 - DEBUG - Found 460 new listings
2025-03-11 10:09:57,537 - DEBUG - {"topologyId": {"$oid": "67cffdd920bc91834cb8bf1e"}, "driverConnectionId": 1, "serverConnectionId": 212, "serverHost": "localhost", "serverPort": 27017, "awaited": true, "durationMS": 10000.0, "reply": "{\"isWritablePrimary\": true, \"topologyVersion\": {\"processId\": {\"$oid\": \"67c8e7d3b60fa9fa23bd9bcf\"}}, \"maxBsonObjectSize\": 16777216, \"maxMessageSizeBytes\": 48000000, \"maxWriteBatchSize\": 100000, \"localTime\": {\"$date\": \"2025-03-11T09:09:57.537Z\"}, \"logicalSessionTimeoutMinutes\": 30, \"connectionId\": 212, \"maxWireVersion\": 21, \"ok\": 1.0}", "message": "Server heartbeat succeeded"}
2025-03-11 10:09:57,537 - DEBUG - {"topologyId": {"$oid": "67cffdd920bc91834cb8bf1e"}, "driverConnectionId": 1, "serverConnectionId": 212, "serverHost": "localhost", "serverPort": 27017, "awaited": true, "message": "Server heartbeat started"}
2025-03-11 10:10:07,537 - DEBUG - {"topologyId": {"$oid": "67cffdd920bc91834cb8bf1e"}, "driverConnectionId": 1, "serverConnectionId": 212, "serverHost": "localhost", "serverPort": 27017, "awaited": true, "durationMS": 10000.0, "reply": "{\"isWritablePrimary\": true, \"topologyVersion\": {\"processId\": {\"$oid\": \"67c8e7d3b60fa9fa23bd9bcf\"}}, \"maxBsonObjectSize\": 16777216, \"maxMessageSizeBytes\": 48000000, \"maxWriteBatchSize\": 100000, \"localTime\": {\"$date\": \"2025-03-11T09:10:07.537Z\"}, \"logicalSessionTimeoutMinutes\": 30, \"connectionId\": 212, \"maxWireVersion\": 21, \"ok\": 1.0}", "message": "Server heartbeat succeeded"}
2025-03-11 10:10:07,537 - DEBUG - {"topologyId": {"$oid": "67cffdd920bc91834cb8bf1e"}, "driverConnectionId": 1, "serverConnectionId": 212, "serverHost": "localhost", "serverPort": 27017, "awaited": true, "message": "Server heartbeat started"}
2025-03-11 10:10:17,539 - DEBUG - {"topologyId": {"$oid": "67cffdd920bc91834cb8bf1e"}, "driverConnectionId": 1, "serverConnectionId": 212, "serverHost": "localhost", "serverPort": 27017, "awaited": true, "durationMS": 10000.0, "reply": "{\"isWritablePrimary\": true, \"topologyVersion\": {\"processId\": {\"$oid\": \"67c8e7d3b60fa9fa23bd9bcf\"}}, \"maxBsonObjectSize\": 16777216, \"maxMessageSizeBytes\": 48000000, \"maxWriteBatchSize\": 100000, \"localTime\": {\"$date\": \"2025-03-11T09:10:17.539Z\"}, \"logicalSessionTimeoutMinutes\": 30, \"connectionId\": 212, \"maxWireVersion\": 21, \"ok\": 1.0}", "message": "Server heartbeat succeeded"}
2025-03-11 10:10:17,539 - DEBUG - {"topologyId": {"$oid": "67cffdd920bc91834cb8bf1e"}, "driverConnectionId": 1, "serverConnectionId": 212, "serverHost": "localhost", "serverPort": 27017, "awaited": true, "message": "Server heartbeat started"}
2025-03-11 10:10:27,540 - DEBUG - {"topologyId": {"$oid": "67cffdd920bc91834cb8bf1e"}, "driverConnectionId": 1, "serverConnectionId": 212, "serverHost": "localhost", "serverPort": 27017, "awaited": true, "durationMS": 10000.0, "reply": "{\"isWritablePrimary\": true, \"topologyVersion\": {\"processId\": {\"$oid\": \"67c8e7d3b60fa9fa23bd9bcf\"}}, \"maxBsonObjectSize\": 16777216, \"maxMessageSizeBytes\": 48000000, \"maxWriteBatchSize\": 100000, \"localTime\": {\"$date\": \"2025-03-11T09:10:27.540Z\"}, \"logicalSessionTimeoutMinutes\": 30, \"connectionId\": 212, \"maxWireVersion\": 21, \"ok\": 1.0}", "message": "Server heartbeat succeeded"}
2025-03-11 10:10:27,540 - DEBUG - {"topologyId": {"$oid": "67cffdd920bc91834cb8bf1e"}, "driverConnectionId": 1, "serverConnectionId": 212, "serverHost": "localhost", "serverPort": 27017, "awaited": true, "message": "Server heartbeat started"}
2025-03-11 10:10:37,541 - DEBUG - {"topologyId": {"$oid": "67cffdd920bc91834cb8bf1e"}, "driverConnectionId": 1, "serverConnectionId": 212, "serverHost": "localhost", "serverPort": 27017, "awaited": true, "durationMS": 10000.0, "reply": "{\"isWritablePrimary\": true, \"topologyVersion\": {\"processId\": {\"$oid\": \"67c8e7d3b60fa9fa23bd9bcf\"}}, \"maxBsonObjectSize\": 16777216, \"maxMessageSizeBytes\": 48000000, \"maxWriteBatchSize\": 100000, \"localTime\": {\"$date\": \"2025-03-11T09:10:37.541Z\"}, \"logicalSessionTimeoutMinutes\": 30, \"connectionId\": 212, \"maxWireVersion\": 21, \"ok\": 1.0}", "message": "Server heartbeat succeeded"}
2025-03-11 10:10:37,541 - DEBUG - {"topologyId": {"$oid": "67cffdd920bc91834cb8bf1e"}, "driverConnectionId": 1, "serverConnectionId": 212, "serverHost": "localhost", "serverPort": 27017, "awaited": true, "message": "Server heartbeat started"}
2025-03-11 10:10:47,541 - DEBUG - {"topologyId": {"$oid": "67cffdd920bc91834cb8bf1e"}, "driverConnectionId": 1, "serverConnectionId": 212, "serverHost": "localhost", "serverPort": 27017, "awaited": true, "durationMS": 10000.0, "reply": "{\"isWritablePrimary\": true, \"topologyVersion\": {\"processId\": {\"$oid\": \"67c8e7d3b60fa9fa23bd9bcf\"}}, \"maxBsonObjectSize\": 16777216, \"maxMessageSizeBytes\": 48000000, \"maxWriteBatchSize\": 100000, \"localTime\": {\"$date\": \"2025-03-11T09:10:47.541Z\"}, \"logicalSessionTimeoutMinutes\": 30, \"connectionId\": 212, \"maxWireVersion\": 21, \"ok\": 1.0}", "message": "Server heartbeat succeeded"}
2025-03-11 10:10:47,541 - DEBUG - {"topologyId": {"$oid": "67cffdd920bc91834cb8bf1e"}, "driverConnectionId": 1, "serverConnectionId": 212, "serverHost": "localhost", "serverPort": 27017, "awaited": true, "message": "Server heartbeat started"}
2025-03-11 10:10:57,542 - DEBUG - {"topologyId": {"$oid": "67cffdd920bc91834cb8bf1e"}, "driverConnectionId": 1, "serverConnectionId": 212, "serverHost": "localhost", "serverPort": 27017, "awaited": true, "durationMS": 10000.0, "reply": "{\"isWritablePrimary\": true, \"topologyVersion\": {\"processId\": {\"$oid\": \"67c8e7d3b60fa9fa23bd9bcf\"}}, \"maxBsonObjectSize\": 16777216, \"maxMessageSizeBytes\": 48000000, \"maxWriteBatchSize\": 100000, \"localTime\": {\"$date\": \"2025-03-11T09:10:57.542Z\"}, \"logicalSessionTimeoutMinutes\": 30, \"connectionId\": 212, \"maxWireVersion\": 21, \"ok\": 1.0}", "message": "Server heartbeat succeeded"}
2025-03-11 10:10:57,542 - DEBUG - {"topologyId": {"$oid": "67cffdd920bc91834cb8bf1e"}, "driverConnectionId": 1, "serverConnectionId": 212, "serverHost": "localhost", "serverPort": 27017, "awaited": true, "message": "Server heartbeat started"}
2025-03-11 10:11:07,542 - DEBUG - {"topologyId": {"$oid": "67cffdd920bc91834cb8bf1e"}, "driverConnectionId": 1, "serverConnectionId": 212, "serverHost": "localhost", "serverPort": 27017, "awaited": true, "durationMS": 10000.0, "reply": "{\"isWritablePrimary\": true, \"topologyVersion\": {\"processId\": {\"$oid\": \"67c8e7d3b60fa9fa23bd9bcf\"}}, \"maxBsonObjectSize\": 16777216, \"maxMessageSizeBytes\": 48000000, \"maxWriteBatchSize\": 100000, \"localTime\": {\"$date\": \"2025-03-11T09:11:07.542Z\"}, \"logicalSessionTimeoutMinutes\": 30, \"connectionId\": 212, \"maxWireVersion\": 21, \"ok\": 1.0}", "message": "Server heartbeat succeeded"}
2025-03-11 10:11:07,542 - DEBUG - {"topologyId": {"$oid": "67cffdd920bc91834cb8bf1e"}, "driverConnectionId": 1, "serverConnectionId": 212, "serverHost": "localhost", "serverPort": 27017, "awaited": true, "message": "Server heartbeat started"}
2025-03-11 10:11:17,543 - DEBUG - {"topologyId": {"$oid": "67cffdd920bc91834cb8bf1e"}, "driverConnectionId": 1, "serverConnectionId": 212, "serverHost": "localhost", "serverPort": 27017, "awaited": true, "durationMS": 10000.0, "reply": "{\"isWritablePrimary\": true, \"topologyVersion\": {\"processId\": {\"$oid\": \"67c8e7d3b60fa9fa23bd9bcf\"}}, \"maxBsonObjectSize\": 16777216, \"maxMessageSizeBytes\": 48000000, \"maxWriteBatchSize\": 100000, \"localTime\": {\"$date\": \"2025-03-11T09:11:17.543Z\"}, \"logicalSessionTimeoutMinutes\": 30, \"connectionId\": 212, \"maxWireVersion\": 21, \"ok\": 1.0}", "message": "Server heartbeat succeeded"}
2025-03-11 10:11:17,543 - DEBUG - {"topologyId": {"$oid": "67cffdd920bc91834cb8bf1e"}, "driverConnectionId": 1, "serverConnectionId": 212, "serverHost": "localhost", "serverPort": 27017, "awaited": true, "message": "Server heartbeat started"}
2025-03-11 10:11:27,543 - DEBUG - {"topologyId": {"$oid": "67cffdd920bc91834cb8bf1e"}, "driverConnectionId": 1, "serverConnectionId": 212, "serverHost": "localhost", "serverPort": 27017, "awaited": true, "durationMS": 10000.0, "reply": "{\"isWritablePrimary\": true, \"topologyVersion\": {\"processId\": {\"$oid\": \"67c8e7d3b60fa9fa23bd9bcf\"}}, \"maxBsonObjectSize\": 16777216, \"maxMessageSizeBytes\": 48000000, \"maxWriteBatchSize\": 100000, \"localTime\": {\"$date\": \"2025-03-11T09:11:27.543Z\"}, \"logicalSessionTimeoutMinutes\": 30, \"connectionId\": 212, \"maxWireVersion\": 21, \"ok\": 1.0}", "message": "Server heartbeat succeeded"}
2025-03-11 10:11:27,543 - DEBUG - {"topologyId": {"$oid": "67cffdd920bc91834cb8bf1e"}, "driverConnectionId": 1, "serverConnectionId": 212, "serverHost": "localhost", "serverPort": 27017, "awaited": true, "message": "Server heartbeat started"}
2025-03-11 10:11:37,544 - DEBUG - {"topologyId": {"$oid": "67cffdd920bc91834cb8bf1e"}, "driverConnectionId": 1, "serverConnectionId": 212, "serverHost": "localhost", "serverPort": 27017, "awaited": true, "durationMS": 10000.0, "reply": "{\"isWritablePrimary\": true, \"topologyVersion\": {\"processId\": {\"$oid\": \"67c8e7d3b60fa9fa23bd9bcf\"}}, \"maxBsonObjectSize\": 16777216, \"maxMessageSizeBytes\": 48000000, \"maxWriteBatchSize\": 100000, \"localTime\": {\"$date\": \"2025-03-11T09:11:37.545Z\"}, \"logicalSessionTimeoutMinutes\": 30, \"connectionId\": 212, \"maxWireVersion\": 21, \"ok\": 1.0}", "message": "Server heartbeat succeeded"}
2025-03-11 10:11:37,544 - DEBUG - {"topologyId": {"$oid": "67cffdd920bc91834cb8bf1e"}, "driverConnectionId": 1, "serverConnectionId": 212, "serverHost": "localhost", "serverPort": 27017, "awaited": true, "message": "Server heartbeat started"}
2025-03-11 10:11:38,559 - DEBUG - {"topologyId": {"$oid": "67cffdd920bc91834cb8bf1e"}, "serverHost": "localhost", "serverPort": 27017, "awaited": true, "durationMS": 1015.0000000139698, "failure": "\"_OperationCancelled('operation cancelled')\"", "driverConnectionId": 1, "message": "Server heartbeat failed"}
